       data N /      83 /
       data min_NQ, min_NW, min_NR, min_RMAX,r_i_index_max,r_i_index_min,r_j_index_max,r_j_index_min,r_k_index_max,r_k_index_min,r_g_max,r_g_min /      30,      40,       3,  0.11123611E+01,  0.45000000E+05,  0.00000000E+00,  0.85000002E+00,  0.10000000E-02,  0.83000000E+02,  0.20000000E+02,  0.13540000E+02,  0.18900000E+01 /
       data min_XYZMIN(  1) ,min_XYZDEL(  1) /  0.00000000E+00,  0.33333334E+00 /
       data min_LCELL(  1,  1,  1) /       1 /
       data min_LCELL(  1,  1,  2) /       3 /
       data min_LCELL(  1,  1,  3) /       4 /
       data min_LCELL(  1,  2,  1) /       5 /
       data min_LCELL(  1,  2,  2) /       7 /
       data min_LCELL(  1,  2,  3) /       8 /
       data min_LCELL(  1,  3,  1) /      35 /
       data min_LCELL(  1,  3,  2) /      37 /
       data min_LCELL(  1,  3,  3) /       0 /
       data min_XYZMIN(  2) ,min_XYZDEL(  2) / -0.11778563E-02,  0.33372596E+00 /
       data min_LCELL(  2,  1,  1) /       0 /
       data min_LCELL(  2,  1,  2) /       0 /
       data min_LCELL(  2,  1,  3) /       0 /
       data min_LCELL(  2,  2,  1) /      38 /
       data min_LCELL(  2,  2,  2) /      40 /
       data min_LCELL(  2,  2,  3) /      41 /
       data min_LCELL(  2,  3,  1) /      42 /
       data min_LCELL(  2,  3,  2) /      43 /
       data min_LCELL(  2,  3,  3) /      44 /
       data min_XYZMIN(  3) ,min_XYZDEL(  3) /  0.00000000E+00,  0.33333334E+00 /
       data min_LCELL(  3,  1,  1) /       0 /
       data min_LCELL(  3,  1,  2) /       0 /
       data min_LCELL(  3,  1,  3) /       0 /
       data min_LCELL(  3,  2,  1) /       0 /
       data min_LCELL(  3,  2,  2) /       0 /
       data min_LCELL(  3,  2,  3) /       0 /
       data min_LCELL(  3,  3,  1) /      59 /
       data min_LCELL(  3,  3,  2) /      61 /
       data min_LCELL(  3,  3,  3) /      62 /
       data x(  1),y(  1),z(  1),g(  1),min_LNEXT(  1),min_RSQ(  1),min_A(1,  1),min_A(2,  1),min_A(3,  1),min_A(4,  1),min_A(5,  1),min_A(6,  1),min_A(7,  1),min_A(8,  1),min_A(9,  1) /  0.00000000E+00, -0.11778563E-02,  0.00000000E+00,  0.13540000E+02,       2,  0.12104276E+01,  0.94715328E+01, -0.10655812E+00,  0.14846516E+01,  0.18005787E+02,  0.10996231E+01,  0.33737812E+02, -0.21058926E+02, -0.74867487E+00, -0.25569355E+02 /
       data x(  2),y(  2),z(  2),g(  2),min_LNEXT(  2),min_RSQ(  2),min_A(1,  2),min_A(2,  2),min_A(3,  2),min_A(4,  2),min_A(5,  2),min_A(6,  2),min_A(7,  2),min_A(8,  2),min_A(9,  2) /  0.00000000E+00, -0.11778563E-02,  0.31746033E+00,  0.88400002E+01,       2,  0.89396638E+00,  0.10264910E+02, -0.68482143E+00,  0.33734744E+01,  0.47866936E+01,  0.44108915E+01,  0.32411533E+02, -0.16461191E+02, -0.81775934E+00, -0.44072919E+01 /
       data x(  3),y(  3),z(  3),g(  3),min_LNEXT(  3),min_RSQ(  3),min_A(1,  3),min_A(2,  3),min_A(3,  3),min_A(4,  3),min_A(5,  3),min_A(6,  3),min_A(7,  3),min_A(8,  3),min_A(9,  3) /  0.00000000E+00, -0.11778563E-02,  0.63492066E+00,  0.10920000E+02,       3,  0.84451222E+00,  0.26586451E+02, -0.17528730E+02,  0.57764893E+01, -0.20691361E+01, -0.31127527E+01, -0.44637361E+01, -0.14443438E+02, -0.76896948E+00,  0.49597154E+01 /
       data x(  4),y(  4),z(  4),g(  4),min_LNEXT(  4),min_RSQ(  4),min_A(1,  4),min_A(2,  4),min_A(3,  4),min_A(4,  4),min_A(5,  4),min_A(6,  4),min_A(7,  4),min_A(8,  4),min_A(9,  4) /  0.00000000E+00, -0.11778563E-02,  0.10000000E+01,  0.12440000E+02,       4,  0.12373472E+01,  0.14504628E+02, -0.13064765E+02,  0.11877941E+02,  0.27904828E+01, -0.10831318E+02, -0.78455553E+01, -0.13991110E+02, -0.69029493E+01,  0.91681337E+00 /
       data x(  5),y(  5),z(  5),g(  5),min_LNEXT(  5),min_RSQ(  5),min_A(1,  5),min_A(2,  5),min_A(3,  5),min_A(4,  5),min_A(5,  5),min_A(6,  5),min_A(7,  5),min_A(8,  5),min_A(9,  5) /  0.00000000E+00,  0.35217902E+00,  0.00000000E+00,  0.13500000E+02,       6,  0.78669286E+00,  0.11754491E+02, -0.10628184E+01,  0.16028203E+01,  0.20061380E+02,  0.52674346E+01,  0.34459053E+02, -0.21755806E+02,  0.11697420E+00, -0.25642609E+02 /
       data x(  6),y(  6),z(  6),g(  6),min_LNEXT(  6),min_RSQ(  6),min_A(1,  6),min_A(2,  6),min_A(3,  6),min_A(4,  6),min_A(5,  6),min_A(6,  6),min_A(7,  6),min_A(8,  6),min_A(9,  6) /  0.00000000E+00,  0.35217902E+00,  0.31746033E+00,  0.87100000E+01,      10,  0.53200203E+00,  0.68360076E+01, -0.62216392E+01,  0.60212579E+01,  0.48502936E+01,  0.54497147E+01,  0.34045921E+02, -0.14135604E+02,  0.17527027E+01, -0.27543533E+01 /
       data x(  7),y(  7),z(  7),g(  7),min_LNEXT(  7),min_RSQ(  7),min_A(1,  7),min_A(2,  7),min_A(3,  7),min_A(4,  7),min_A(5,  7),min_A(6,  7),min_A(7,  7),min_A(8,  7),min_A(9,  7) /  0.00000000E+00,  0.35217902E+00,  0.63492066E+00,  0.11790000E+02,      14,  0.51317126E+00,  0.13077421E+02, -0.80855017E+01,  0.24975970E+01, -0.75708008E+01,  0.11097332E+01, -0.13282688E+02, -0.19389771E+02,  0.28927562E+01,  0.48066454E+01 /
       data x(  8),y(  8),z(  8),g(  8),min_LNEXT(  8),min_RSQ(  8),min_A(1,  8),min_A(2,  8),min_A(3,  8),min_A(4,  8),min_A(5,  8),min_A(6,  8),min_A(7,  8),min_A(8,  8),min_A(9,  8) /  0.00000000E+00,  0.35217902E+00,  0.10000000E+01,  0.11460000E+02,       9,  0.82161343E+00,  0.14074207E+02, -0.10463252E+02,  0.11362186E+02,  0.33308284E+01, -0.20285659E+01, -0.12415635E+02, -0.18859995E+02,  0.19273946E+01, -0.49869075E+01 /
       data x(  9),y(  9),z(  9),g(  9),min_LNEXT(  9),min_RSQ(  9),min_A(1,  9),min_A(2,  9),min_A(3,  9),min_A(4,  9),min_A(5,  9),min_A(6,  9),min_A(7,  9),min_A(8,  9),min_A(9,  9) /  0.00000000E+00,  0.58775026E+00,  0.10000000E+01,  0.12550000E+02,      11,  0.69976896E+00,  0.13760974E+02, -0.92358065E+01,  0.95259161E+01,  0.28762891E+01,  0.70308700E+01, -0.11766652E+02, -0.21100393E+02,  0.68831363E+01, -0.40429449E+01 /
       data x( 10),y( 10),z( 10),g( 10),min_LNEXT( 10),min_RSQ( 10),min_A(1, 10),min_A(2, 10),min_A(3, 10),min_A(4, 10),min_A(5, 10),min_A(6, 10),min_A(7, 10),min_A(8, 10),min_A(9, 10) /  0.44444446E-01,  0.35217902E+00,  0.00000000E+00,  0.12550000E+02,      12,  0.72368050E+00,  0.12046965E+02, -0.20737960E+01,  0.18539884E+01,  0.19740623E+02,  0.55449100E+01,  0.33998684E+02, -0.20620008E+02,  0.71094103E-01, -0.24600019E+02 /
       data x( 11),y( 11),z( 11),g( 11),min_LNEXT( 11),min_RSQ( 11),min_A(1, 11),min_A(2, 11),min_A(3, 11),min_A(4, 11),min_A(5, 11),min_A(6, 11),min_A(7, 11),min_A(8, 11),min_A(9, 11) /  0.44444446E-01,  0.35217902E+00,  0.10000000E+01,  0.10650000E+02,      15,  0.75943255E+00,  0.13525486E+02, -0.96614151E+01,  0.11260058E+02,  0.29733832E+01, -0.12510206E+01, -0.12226319E+02, -0.17662970E+02,  0.14932357E+01, -0.48220329E+01 /
       data x( 12),y( 12),z( 12),g( 12),min_LNEXT( 12),min_RSQ( 12),min_A(1, 12),min_A(2, 12),min_A(3, 12),min_A(4, 12),min_A(5, 12),min_A(6, 12),min_A(7, 12),min_A(8, 12),min_A(9, 12) /  0.44444446E-01,  0.58775026E+00,  0.00000000E+00,  0.12620000E+02,      13,  0.61943668E+00,  0.94122238E+01, -0.88185483E+00,  0.21177967E+01,  0.17836693E+02,  0.91638317E+01,  0.32005409E+02, -0.20293255E+02,  0.79216516E+00, -0.22013138E+02 /
       data x( 13),y( 13),z( 13),g( 13),min_LNEXT( 13),min_RSQ( 13),min_A(1, 13),min_A(2, 13),min_A(3, 13),min_A(4, 13),min_A(5, 13),min_A(6, 13),min_A(7, 13),min_A(8, 13),min_A(9, 13) /  0.44444446E-01,  0.58775026E+00,  0.31746033E+00,  0.88299999E+01,      16,  0.49455196E+00,  0.88604593E+01, -0.27941461E+01,  0.49625292E+01,  0.73893285E+00,  0.34494421E+01,  0.29170706E+02, -0.14991544E+02,  0.37522683E+01, -0.16409631E+01 /
       data x( 14),y( 14),z( 14),g( 14),min_LNEXT( 14),min_RSQ( 14),min_A(1, 14),min_A(2, 14),min_A(3, 14),min_A(4, 14),min_A(5, 14),min_A(6, 14),min_A(7, 14),min_A(8, 14),min_A(9, 14) /  0.44444446E-01,  0.58775026E+00,  0.63492066E+00,  0.11710000E+02,      18,  0.46299222E+00,  0.14358892E+02, -0.89099903E+01, -0.51624985E+01, -0.79026170E+01, -0.19267023E+01, -0.11587044E+02, -0.20555351E+02,  0.21405625E+01,  0.43803277E+01 /
       data x( 15),y( 15),z( 15),g( 15),min_LNEXT( 15),min_RSQ( 15),min_A(1, 15),min_A(2, 15),min_A(3, 15),min_A(4, 15),min_A(5, 15),min_A(6, 15),min_A(7, 15),min_A(8, 15),min_A(9, 15) /  0.44444446E-01,  0.58775026E+00,  0.10000000E+01,  0.11650000E+02,      19,  0.63858575E+00,  0.13988601E+02, -0.95269728E+01,  0.10015747E+02,  0.20723813E+01,  0.78264470E+01, -0.11498510E+02, -0.20083393E+02,  0.66480260E+01, -0.37166915E+01 /
       data x( 16),y( 16),z( 16),g( 16),min_LNEXT( 16),min_RSQ( 16),min_A(1, 16),min_A(2, 16),min_A(3, 16),min_A(4, 16),min_A(5, 16),min_A(6, 16),min_A(7, 16),min_A(8, 16),min_A(9, 16) /  0.88888891E-01,  0.35217902E+00,  0.00000000E+00,  0.11660000E+02,      17,  0.67624104E+00,  0.11164525E+02, -0.18193101E+01,  0.18832645E+01,  0.19473557E+02,  0.58249722E+01,  0.33358799E+02, -0.19481102E+02, -0.27441075E-01, -0.23520290E+02 /
       data x( 17),y( 17),z( 17),g( 17),min_LNEXT( 17),min_RSQ( 17),min_A(1, 17),min_A(2, 17),min_A(3, 17),min_A(4, 17),min_A(5, 17),min_A(6, 17),min_A(7, 17),min_A(8, 17),min_A(9, 17) /  0.88888891E-01,  0.35217902E+00,  0.31746033E+00,  0.75200000E+01,      20,  0.52113783E+00,  0.90941267E+01, -0.64356108E+01,  0.61605740E+01,  0.45607772E+01,  0.55938559E+01,  0.32992172E+02, -0.12852662E+02,  0.12257876E+01, -0.24097588E+01 /
       data x( 18),y( 18),z( 18),g( 18),min_LNEXT( 18),min_RSQ( 18),min_A(1, 18),min_A(2, 18),min_A(3, 18),min_A(4, 18),min_A(5, 18),min_A(6, 18),min_A(7, 18),min_A(8, 18),min_A(9, 18) /  0.88888891E-01,  0.35217902E+00,  0.63492066E+00,  0.10170000E+02,      28,  0.47261772E+00,  0.11721687E+02, -0.68745823E+01,  0.15880612E+01, -0.84368753E+01,  0.19601035E+01, -0.13121019E+02, -0.17150013E+02,  0.23637342E+01,  0.40484643E+01 /
       data x( 19),y( 19),z( 19),g( 19),min_LNEXT( 19),min_RSQ( 19),min_A(1, 19),min_A(2, 19),min_A(3, 19),min_A(4, 19),min_A(5, 19),min_A(6, 19),min_A(7, 19),min_A(8, 19),min_A(9, 19) /  0.88888891E-01,  0.35217902E+00,  0.10000000E+01,  0.98900003E+01,      21,  0.71255141E+00,  0.13230098E+02, -0.91407614E+01,  0.11225198E+02,  0.26332335E+01, -0.45253485E+00, -0.11993763E+02, -0.16519243E+02,  0.11002498E+01, -0.46820178E+01 /
       data x( 20),y( 20),z( 20),g( 20),min_LNEXT( 20),min_RSQ( 20),min_A(1, 20),min_A(2, 20),min_A(3, 20),min_A(4, 20),min_A(5, 20),min_A(6, 20),min_A(7, 20),min_A(8, 20),min_A(9, 20) /  0.88888891E-01,  0.58775026E+00,  0.00000000E+00,  0.11730000E+02,      22,  0.57344908E+00,  0.93729067E+01, -0.11403391E+01,  0.21630521E+01,  0.17322948E+02,  0.93453331E+01,  0.32655148E+02, -0.19372458E+02,  0.74011248E+00, -0.21380232E+02 /
       data x( 21),y( 21),z( 21),g( 21),min_LNEXT( 21),min_RSQ( 21),min_A(1, 21),min_A(2, 21),min_A(3, 21),min_A(4, 21),min_A(5, 21),min_A(6, 21),min_A(7, 21),min_A(8, 21),min_A(9, 21) /  0.88888891E-01,  0.58775026E+00,  0.10000000E+01,  0.10750000E+02,      23,  0.60920113E+00,  0.15669034E+02, -0.11662083E+02,  0.10220608E+02,  0.27026608E+01,  0.76629868E+01, -0.11595375E+02, -0.18787657E+02,  0.61129184E+01, -0.37124746E+01 /
       data x( 22),y( 22),z( 22),g( 22),min_LNEXT( 22),min_RSQ( 22),min_A(1, 22),min_A(2, 22),min_A(3, 22),min_A(4, 22),min_A(5, 22),min_A(6, 22),min_A(7, 22),min_A(8, 22),min_A(9, 22) /  0.13333334E+00,  0.35217902E+00,  0.00000000E+00,  0.10820000E+02,      24,  0.63907278E+00,  0.10514009E+02, -0.17966231E+01,  0.19572910E+01,  0.19187088E+02,  0.60919347E+01,  0.32336666E+02, -0.18444277E+02, -0.11650201E+00, -0.22344189E+02 /
       data x( 23),y( 23),z( 23),g( 23),min_LNEXT( 23),min_RSQ( 23),min_A(1, 23),min_A(2, 23),min_A(3, 23),min_A(4, 23),min_A(5, 23),min_A(6, 23),min_A(7, 23),min_A(8, 23),min_A(9, 23) /  0.13333334E+00,  0.35217902E+00,  0.10000000E+01,  0.91800003E+01,      25,  0.67995876E+00,  0.12975389E+02, -0.87807350E+01,  0.11156427E+02,  0.22559361E+01,  0.46554944E+00, -0.11081477E+02, -0.15397882E+02,  0.74220067E+00, -0.43175716E+01 /
       data x( 24),y( 24),z( 24),g( 24),min_LNEXT( 24),min_RSQ( 24),min_A(1, 24),min_A(2, 24),min_A(3, 24),min_A(4, 24),min_A(5, 24),min_A(6, 24),min_A(7, 24),min_A(8, 24),min_A(9, 24) /  0.13333334E+00,  0.58775026E+00,  0.00000000E+00,  0.10890000E+02,      26,  0.52403539E+00,  0.88724022E+01, -0.13622781E+01,  0.21386104E+01,  0.16893396E+02,  0.94952793E+01,  0.27796116E+02, -0.18452389E+02,  0.67351729E+00, -0.19034540E+02 /
       data x( 25),y( 25),z( 25),g( 25),min_LNEXT( 25),min_RSQ( 25),min_A(1, 25),min_A(2, 25),min_A(3, 25),min_A(4, 25),min_A(5, 25),min_A(6, 25),min_A(7, 25),min_A(8, 25),min_A(9, 25) /  0.13333334E+00,  0.58775026E+00,  0.10000000E+01,  0.99700003E+01,      30,  0.57566243E+00,  0.13457028E+02, -0.98122330E+01,  0.10126455E+02,  0.15831150E+01,  0.89370708E+01, -0.88085527E+01, -0.17272816E+02,  0.57443624E+01, -0.25013227E+01 /
       data x( 26),y( 26),z( 26),g( 26),min_LNEXT( 26),min_RSQ( 26),min_A(1, 26),min_A(2, 26),min_A(3, 26),min_A(4, 26),min_A(5, 26),min_A(6, 26),min_A(7, 26),min_A(8, 26),min_A(9, 26) /  0.17777778E+00,  0.35217902E+00,  0.00000000E+00,  0.10030000E+02,      27,  0.63255429E+00,  0.92678995E+01, -0.11775908E+01,  0.18701792E+01,  0.18744211E+02,  0.64366293E+01,  0.30201097E+02, -0.17554220E+02, -0.15143645E+00, -0.20856926E+02 /
       data x( 27),y( 27),z( 27),g( 27),min_LNEXT( 27),min_RSQ( 27),min_A(1, 27),min_A(2, 27),min_A(3, 27),min_A(4, 27),min_A(5, 27),min_A(6, 27),min_A(7, 27),min_A(8, 27),min_A(9, 27) /  0.17777778E+00,  0.35217902E+00,  0.31746033E+00,  0.64600000E+01,      29,  0.51461929E+00,  0.10599074E+02, -0.72523565E+01,  0.64151115E+01,  0.37476749E+01,  0.49412527E+01,  0.31332100E+02, -0.11140248E+02,  0.59924096E+00, -0.21745260E+01 /
       data x( 28),y( 28),z( 28),g( 28),min_LNEXT( 28),min_RSQ( 28),min_A(1, 28),min_A(2, 28),min_A(3, 28),min_A(4, 28),min_A(5, 28),min_A(6, 28),min_A(7, 28),min_A(8, 28),min_A(9, 28) /  0.17777778E+00,  0.35217902E+00,  0.63492066E+00,  0.87299995E+01,      33,  0.45479161E+00,  0.12804208E+02, -0.68340797E+01,  0.58559102E+00, -0.87374258E+01,  0.21056254E+01, -0.12552767E+02, -0.14947565E+02,  0.18929489E+01,  0.32628226E+01 /
       data x( 29),y( 29),z( 29),g( 29),min_LNEXT( 29),min_RSQ( 29),min_A(1, 29),min_A(2, 29),min_A(3, 29),min_A(4, 29),min_A(5, 29),min_A(6, 29),min_A(7, 29),min_A(8, 29),min_A(9, 29) /  0.17777778E+00,  0.58775026E+00,  0.00000000E+00,  0.10090000E+02,      31,  0.52714455E+00,  0.85545578E+01, -0.18768179E+01,  0.22265229E+01,  0.16347042E+02,  0.96972370E+01,  0.23650768E+02, -0.17576202E+02,  0.58304012E+00, -0.16945656E+02 /
       data x( 30),y( 30),z( 30),g( 30),min_LNEXT( 30),min_RSQ( 30),min_A(1, 30),min_A(2, 30),min_A(3, 30),min_A(4, 30),min_A(5, 30),min_A(6, 30),min_A(7, 30),min_A(8, 30),min_A(9, 30) /  0.17777778E+00,  0.58775026E+00,  0.10000000E+01,  0.92399998E+01,      34,  0.57348961E+00,  0.12355578E+02, -0.97003422E+01,  0.10851701E+02,  0.60403544E+00,  0.10278749E+02, -0.66478324E+01, -0.16092272E+02,  0.55461540E+01, -0.16057481E+01 /
       data x( 31),y( 31),z( 31),g( 31),min_LNEXT( 31),min_RSQ( 31),min_A(1, 31),min_A(2, 31),min_A(3, 31),min_A(4, 31),min_A(5, 31),min_A(6, 31),min_A(7, 31),min_A(8, 31),min_A(9, 31) /  0.22222222E+00,  0.58775026E+00,  0.00000000E+00,  0.93400002E+01,      32,  0.52403539E+00,  0.77357531E+01, -0.17596484E+01,  0.20525465E+01,  0.15856643E+02,  0.98442192E+01,  0.23015461E+02, -0.16734842E+02,  0.45885611E+00, -0.16014812E+02 /
       data x( 32),y( 32),z( 32),g( 32),min_LNEXT( 32),min_RSQ( 32),min_A(1, 32),min_A(2, 32),min_A(3, 32),min_A(4, 32),min_A(5, 32),min_A(6, 32),min_A(7, 32),min_A(8, 32),min_A(9, 32) /  0.22222222E+00,  0.58775026E+00,  0.31746033E+00,  0.65300002E+01,      32,  0.36247993E+00,  0.86317759E+01, -0.65819745E+01,  0.60940008E+01,  0.51981096E+01, -0.12422522E+01,  0.22895975E+02, -0.11711678E+02,  0.35174787E+01, -0.18479470E+01 /
       data x( 33),y( 33),z( 33),g( 33),min_LNEXT( 33),min_RSQ( 33),min_A(1, 33),min_A(2, 33),min_A(3, 33),min_A(4, 33),min_A(5, 33),min_A(6, 33),min_A(7, 33),min_A(8, 33),min_A(9, 33) /  0.22222222E+00,  0.58775026E+00,  0.63492066E+00,  0.84499998E+01,      33,  0.37384298E+00,  0.14544486E+02, -0.35780406E+01, -0.57370563E+01, -0.53684425E+01, -0.83102627E+01, -0.81648607E+01, -0.15317219E+02,  0.51378214E+00,  0.31556873E+01 /
       data x( 34),y( 34),z( 34),g( 34),min_LNEXT( 34),min_RSQ( 34),min_A(1, 34),min_A(2, 34),min_A(3, 34),min_A(4, 34),min_A(5, 34),min_A(6, 34),min_A(7, 34),min_A(8, 34),min_A(9, 34) /  0.22222222E+00,  0.58775026E+00,  0.10000000E+01,  0.85600004E+01,      34,  0.54721189E+00,  0.11358304E+02, -0.10452841E+02,  0.11715102E+02, -0.58397579E+00,  0.11700008E+02, -0.66564684E+01, -0.15070651E+02,  0.53086395E+01, -0.15693449E+01 /
       data x( 35),y( 35),z( 35),g( 35),min_LNEXT( 35),min_RSQ( 35),min_A(1, 35),min_A(2, 35),min_A(3, 35),min_A(4, 35),min_A(5, 35),min_A(6, 35),min_A(7, 35),min_A(8, 35),min_A(9, 35) /  0.22222222E+00,  0.76442868E+00,  0.00000000E+00,  0.94899998E+01,      36,  0.56565893E+00,  0.62212005E+01, -0.42320791E+00,  0.13053337E+01,  0.15372366E+02,  0.10884067E+02,  0.15636288E+02, -0.16811968E+02,  0.90935713E+00, -0.11786282E+02 /
       data x( 36),y( 36),z( 36),g( 36),min_LNEXT( 36),min_RSQ( 36),min_A(1, 36),min_A(2, 36),min_A(3, 36),min_A(4, 36),min_A(5, 36),min_A(6, 36),min_A(7, 36),min_A(8, 36),min_A(9, 36) /  0.22222222E+00,  0.76442868E+00,  0.31746033E+00,  0.73800001E+01,      36,  0.34340397E+00,  0.74512382E+01, -0.45613136E+01,  0.25727513E+01,  0.76316099E+01, -0.66580760E+00,  0.18076956E+02, -0.13061390E+02,  0.46848359E+01, -0.21804593E+01 /
       data x( 37),y( 37),z( 37),g( 37),min_LNEXT( 37),min_RSQ( 37),min_A(1, 37),min_A(2, 37),min_A(3, 37),min_A(4, 37),min_A(5, 37),min_A(6, 37),min_A(7, 37),min_A(8, 37),min_A(9, 37) /  0.22222222E+00,  0.76442868E+00,  0.63492066E+00,  0.83100004E+01,      37,  0.35476702E+00,  0.11540841E+02,  0.28733997E+01, -0.61472812E+01,  0.15607516E+01, -0.30224259E+01, -0.34156547E+01, -0.14689616E+02, -0.18187476E+01,  0.25432196E+01 /
       data x( 38),y( 38),z( 38),g( 38),min_LNEXT( 38),min_RSQ( 38),min_A(1, 38),min_A(2, 38),min_A(3, 38),min_A(4, 38),min_A(5, 38),min_A(6, 38),min_A(7, 38),min_A(8, 38),min_A(9, 38) /  0.33333334E+00,  0.58775026E+00,  0.00000000E+00,  0.76599998E+01,      39,  0.53109717E+00,  0.34084086E+01,  0.19303244E+01,  0.19189680E+00,  0.15585830E+02,  0.10006134E+02,  0.18695654E+02, -0.15441538E+02,  0.52316278E+00, -0.12988513E+02 /
       data x( 39),y( 39),z( 39),g( 39),min_LNEXT( 39),min_RSQ( 39),min_A(1, 39),min_A(2, 39),min_A(3, 39),min_A(4, 39),min_A(5, 39),min_A(6, 39),min_A(7, 39),min_A(8, 39),min_A(9, 39) /  0.33333334E+00,  0.58775026E+00,  0.31746033E+00,  0.53600001E+01,      45,  0.29412460E+00,  0.74193420E+01, -0.67782531E+01,  0.56936097E+01,  0.10387691E+02, -0.17671267E+01,  0.18465786E+02, -0.99026365E+01,  0.28172250E+01, -0.10990721E+01 /
       data x( 40),y( 40),z( 40),g( 40),min_LNEXT( 40),min_RSQ( 40),min_A(1, 40),min_A(2, 40),min_A(3, 40),min_A(4, 40),min_A(5, 40),min_A(6, 40),min_A(7, 40),min_A(8, 40),min_A(9, 40) /  0.33333334E+00,  0.58775026E+00,  0.63492066E+00,  0.69499998E+01,      47,  0.30317026E+00,  0.10247555E+02, -0.14271893E+00, -0.61621952E+01, -0.28825533E+01, -0.43244319E+01, -0.57959766E+01, -0.12566179E+02,  0.39768735E+00,  0.29024594E+01 /
       data x( 41),y( 41),z( 41),g( 41),min_LNEXT( 41),min_RSQ( 41),min_A(1, 41),min_A(2, 41),min_A(3, 41),min_A(4, 41),min_A(5, 41),min_A(6, 41),min_A(7, 41),min_A(8, 41),min_A(9, 41) /  0.33333334E+00,  0.58775026E+00,  0.10000000E+01,  0.70200000E+01,      48,  0.52322567E+00,  0.10533936E+02, -0.12199430E+02,  0.12178858E+02, -0.32859659E+01,  0.16651897E+02, -0.61727099E+01, -0.12853541E+02,  0.45494428E+01, -0.17810874E+01 /
       data x( 42),y( 42),z( 42),g( 42),min_LNEXT( 42),min_RSQ( 42),min_A(1, 42),min_A(2, 42),min_A(3, 42),min_A(4, 42),min_A(5, 42),min_A(6, 42),min_A(7, 42),min_A(8, 42),min_A(9, 42) /  0.33333334E+00,  0.76442868E+00,  0.31746033E+00,  0.60500002E+01,      49,  0.32814312E+00,  0.73221388E+01, -0.61305809E+01,  0.12079066E+00,  0.95587816E+01,  0.98744959E+00,  0.14522158E+02, -0.11186878E+02,  0.37708926E+01, -0.11675208E+01 /
       data x( 43),y( 43),z( 43),g( 43),min_LNEXT( 43),min_RSQ( 43),min_A(1, 43),min_A(2, 43),min_A(3, 43),min_A(4, 43),min_A(5, 43),min_A(6, 43),min_A(7, 43),min_A(8, 43),min_A(9, 43) /  0.33333334E+00,  0.76442868E+00,  0.63492066E+00,  0.68099999E+01,      55,  0.32814312E+00,  0.95853662E+01,  0.11862159E+01,  0.41438923E+01, -0.10997506E+01, -0.18012080E+01, -0.45384744E+00, -0.12498077E+02,  0.11031681E+00,  0.30464561E+01 /
       data x( 44),y( 44),z( 44),g( 44),min_LNEXT( 44),min_RSQ( 44),min_A(1, 44),min_A(2, 44),min_A(3, 44),min_A(4, 44),min_A(5, 44),min_A(6, 44),min_A(7, 44),min_A(8, 44),min_A(9, 44) /  0.33333334E+00,  0.76442868E+00,  0.10000000E+01,  0.83900003E+01,      50,  0.50137818E+00,  0.39144223E+01, -0.44680653E+01, -0.85412741E+01, -0.10301734E+01,  0.24894152E+01, -0.25395202E-05, -0.14422462E+02,  0.51442151E+01,  0.28911917E+01 /
       data x( 45),y( 45),z( 45),g( 45),min_LNEXT( 45),min_RSQ( 45),min_A(1, 45),min_A(2, 45),min_A(3, 45),min_A(4, 45),min_A(5, 45),min_A(6, 45),min_A(7, 45),min_A(8, 45),min_A(9, 45) /  0.44444445E+00,  0.58775026E+00,  0.00000000E+00,  0.59400001E+01,      46,  0.53209442E+00,  0.48586826E+01,  0.29131907E+00,  0.80730307E+00,  0.16647789E+02,  0.86965981E+01,  0.14742956E+02, -0.14502973E+02,  0.72636420E+00, -0.97858257E+01 /
       data x( 46),y( 46),z( 46),g( 46),min_LNEXT( 46),min_RSQ( 46),min_A(1, 46),min_A(2, 46),min_A(3, 46),min_A(4, 46),min_A(5, 46),min_A(6, 46),min_A(7, 46),min_A(8, 46),min_A(9, 46) /  0.44444445E+00,  0.58775026E+00,  0.31746033E+00,  0.43600001E+01,      52,  0.28685915E+00,  0.75650172E+01, -0.69695911E+01,  0.45968285E+01,  0.95068054E+01, -0.21845837E+01,  0.14620457E+02, -0.83700228E+01,  0.20789838E+01, -0.79902194E-01 /
       data x( 47),y( 47),z( 47),g( 47),min_LNEXT( 47),min_RSQ( 47),min_A(1, 47),min_A(2, 47),min_A(3, 47),min_A(4, 47),min_A(5, 47),min_A(6, 47),min_A(7, 47),min_A(8, 47),min_A(9, 47) /  0.44444445E+00,  0.58775026E+00,  0.63492066E+00,  0.56700001E+01,      47,  0.31096408E+00,  0.80529585E+01,  0.45616934E+00, -0.38097875E+01, -0.48551369E+01, -0.52728450E+00, -0.41855845E+01, -0.10608375E+02,  0.26623261E+00,  0.24740748E+01 /
       data x( 48),y( 48),z( 48),g( 48),min_LNEXT( 48),min_RSQ( 48),min_A(1, 48),min_A(2, 48),min_A(3, 48),min_A(4, 48),min_A(5, 48),min_A(6, 48),min_A(7, 48),min_A(8, 48),min_A(9, 48) /  0.44444445E+00,  0.58775026E+00,  0.10000000E+01,  0.57199998E+01,      48,  0.45577830E+00,  0.46416764E+01, -0.39961740E+00, -0.89202493E+00,  0.11599350E+00,  0.12070452E+01,  0.81906876E-06, -0.11976111E+02,  0.59001203E+01,  0.10322319E+01 /
       data x( 49),y( 49),z( 49),g( 49),min_LNEXT( 49),min_RSQ( 49),min_A(1, 49),min_A(2, 49),min_A(3, 49),min_A(4, 49),min_A(5, 49),min_A(6, 49),min_A(7, 49),min_A(8, 49),min_A(9, 49) /  0.44444445E+00,  0.76442868E+00,  0.00000000E+00,  0.61199999E+01,      53,  0.49775767E+00,  0.38845484E+01,  0.42443895E+00,  0.65198153E-01,  0.16299273E+02,  0.88224268E+01,  0.86506424E+01, -0.14498425E+02,  0.89655960E+00, -0.63161283E+01 /
       data x( 50),y( 50),z( 50),g( 50),min_LNEXT( 50),min_RSQ( 50),min_A(1, 50),min_A(2, 50),min_A(3, 50),min_A(4, 50),min_A(5, 50),min_A(6, 50),min_A(7, 50),min_A(8, 50),min_A(9, 50) /  0.44444445E+00,  0.76442868E+00,  0.10000000E+01,  0.68299999E+01,      51,  0.47261772E+00,  0.53894668E+01, -0.33448780E+01, -0.11727044E+02, -0.74850637E+00,  0.17238648E+01, -0.24011453E-06, -0.12413140E+02,  0.33632216E+01,  0.24619257E+01 /
       data x( 51),y( 51),z( 51),g( 51),min_LNEXT( 51),min_RSQ( 51),min_A(1, 51),min_A(2, 51),min_A(3, 51),min_A(4, 51),min_A(5, 51),min_A(6, 51),min_A(7, 51),min_A(8, 51),min_A(9, 51) /  0.44444445E+00,  0.88221431E+00,  0.10000000E+01,  0.69400001E+01,      56,  0.53386462E+00,  0.43547106E+01, -0.15571200E+01, -0.57885876E+01, -0.98897284E+00, -0.37489306E-01,  0.24324908E-06, -0.12069117E+02,  0.70962894E+00,  0.26446588E+01 /
       data x( 52),y( 52),z( 52),g( 52),min_LNEXT( 52),min_RSQ( 52),min_A(1, 52),min_A(2, 52),min_A(3, 52),min_A(4, 52),min_A(5, 52),min_A(6, 52),min_A(7, 52),min_A(8, 52),min_A(9, 52) /  0.55555558E+00,  0.58775026E+00,  0.00000000E+00,  0.44099998E+01,      52,  0.53209442E+00,  0.48995566E+01, -0.79970014E+00,  0.11120262E+01,  0.17181183E+02,  0.76630840E+01,  0.14442899E+02, -0.13313794E+02,  0.55567378E+00, -0.77017546E+01 /
       data x( 53),y( 53),z( 53),g( 53),min_LNEXT( 53),min_RSQ( 53),min_A(1, 53),min_A(2, 53),min_A(3, 53),min_A(4, 53),min_A(5, 53),min_A(6, 53),min_A(7, 53),min_A(8, 53),min_A(9, 53) /  0.55555558E+00,  0.76442868E+00,  0.00000000E+00,  0.45400000E+01,      54,  0.52645093E+00,  0.51527395E+01, -0.18078284E+01,  0.12291672E+01,  0.17246841E+02,  0.65054798E+01,  0.53205934E+01, -0.13503952E+02,  0.93614578E+00, -0.34726202E+01 /
       data x( 54),y( 54),z( 54),g( 54),min_LNEXT( 54),min_RSQ( 54),min_A(1, 54),min_A(2, 54),min_A(3, 54),min_A(4, 54),min_A(5, 54),min_A(6, 54),min_A(7, 54),min_A(8, 54),min_A(9, 54) /  0.55555558E+00,  0.76442868E+00,  0.31746033E+00,  0.39800000E+01,      57,  0.38475153E+00,  0.64761238E+01, -0.61710496E+01,  0.23097000E+01,  0.36288311E+01,  0.29706552E+01,  0.52010512E+01, -0.80371084E+01,  0.26738746E+01, -0.80177866E-01 /
       data x( 55),y( 55),z( 55),g( 55),min_LNEXT( 55),min_RSQ( 55),min_A(1, 55),min_A(2, 55),min_A(3, 55),min_A(4, 55),min_A(5, 55),min_A(6, 55),min_A(7, 55),min_A(8, 55),min_A(9, 55) /  0.55555558E+00,  0.76442868E+00,  0.63492066E+00,  0.44800000E+01,      55,  0.32169485E+00,  0.72209573E+01, -0.15360719E+01,  0.10549036E+02, -0.43479366E+01, -0.31916013E+01,  0.12196121E+01, -0.89635105E+01,  0.11325983E+01,  0.22585988E+01 /
       data x( 56),y( 56),z( 56),g( 56),min_LNEXT( 56),min_RSQ( 56),min_A(1, 56),min_A(2, 56),min_A(3, 56),min_A(4, 56),min_A(5, 56),min_A(6, 56),min_A(7, 56),min_A(8, 56),min_A(9, 56) /  0.55555558E+00,  0.76442868E+00,  0.10000000E+01,  0.55200000E+01,      58,  0.51244646E+00,  0.77314796E+01, -0.10546858E+01, -0.17619614E+02, -0.45421400E+01,  0.83638382E+01,  0.62501170E-01, -0.10808275E+02,  0.30438392E+01,  0.22989347E+01 /
       data x( 57),y( 57),z( 57),g( 57),min_LNEXT( 57),min_RSQ( 57),min_A(1, 57),min_A(2, 57),min_A(3, 57),min_A(4, 57),min_A(5, 57),min_A(6, 57),min_A(7, 57),min_A(8, 57),min_A(9, 57) /  0.55555558E+00,  0.88221431E+00,  0.00000000E+00,  0.46700001E+01,      57,  0.57687795E+00,  0.50316219E+01, -0.18269060E+01,  0.93644476E+00,  0.17246197E+02,  0.58000002E+01,  0.26498611E+01, -0.13697514E+02,  0.11524066E+01, -0.19274627E+01 /
       data x( 58),y( 58),z( 58),g( 58),min_LNEXT( 58),min_RSQ( 58),min_A(1, 58),min_A(2, 58),min_A(3, 58),min_A(4, 58),min_A(5, 58),min_A(6, 58),min_A(7, 58),min_A(8, 58),min_A(9, 58) /  0.55555558E+00,  0.88221431E+00,  0.10000000E+01,  0.56100001E+01,      58,  0.54858673E+00,  0.82409554E+01, -0.66820925E+00, -0.14039992E+02, -0.45244288E+01, -0.23595862E+01,  0.64015406E+00, -0.10891902E+02, -0.61774099E+00,  0.24312418E+01 /
       data x( 59),y( 59),z( 59),g( 59),min_LNEXT( 59),min_RSQ( 59),min_A(1, 59),min_A(2, 59),min_A(3, 59),min_A(4, 59),min_A(5, 59),min_A(6, 59),min_A(7, 59),min_A(8, 59),min_A(9, 59) /  0.66666669E+00,  0.76442868E+00,  0.00000000E+00,  0.31099999E+01,      60,  0.57107252E+00,  0.54071651E+01, -0.21840732E+01,  0.10896934E+01,  0.17965443E+02,  0.50952153E+01,  0.17715985E+01, -0.12293110E+02,  0.70054644E+00, -0.38560635E+00 /
       data x( 60),y( 60),z( 60),g( 60),min_LNEXT( 60),min_RSQ( 60),min_A(1, 60),min_A(2, 60),min_A(3, 60),min_A(4, 60),min_A(5, 60),min_A(6, 60),min_A(7, 60),min_A(8, 60),min_A(9, 60) /  0.66666669E+00,  0.76442868E+00,  0.31746033E+00,  0.31800001E+01,      63,  0.51240587E+00,  0.67693014E+01, -0.61504850E+01,  0.39258947E+01,  0.17014375E+01,  0.30561213E+01,  0.32797353E+01, -0.66267848E+01,  0.17720065E+01,  0.12857941E+00 /
       data x( 61),y( 61),z( 61),g( 61),min_LNEXT( 61),min_RSQ( 61),min_A(1, 61),min_A(2, 61),min_A(3, 61),min_A(4, 61),min_A(5, 61),min_A(6, 61),min_A(7, 61),min_A(8, 61),min_A(9, 61) /  0.66666669E+00,  0.76442868E+00,  0.63492066E+00,  0.35799999E+01,      65,  0.32814315E+00,  0.66609316E+01, -0.41736741E+01,  0.12457005E+02, -0.32322102E+01, -0.11800677E+01,  0.11773882E+01, -0.74165864E+01,  0.77096099E+00,  0.17497109E+01 /
       data x( 62),y( 62),z( 62),g( 62),min_LNEXT( 62),min_RSQ( 62),min_A(1, 62),min_A(2, 62),min_A(3, 62),min_A(4, 62),min_A(5, 62),min_A(6, 62),min_A(7, 62),min_A(8, 62),min_A(9, 62) /  0.66666669E+00,  0.76442868E+00,  0.10000000E+01,  0.44200001E+01,      66,  0.54128748E+00,  0.69359818E+01, -0.22423744E+01, -0.11978432E+02, -0.21445148E+01, -0.22412133E+01,  0.44591963E+00, -0.90104198E+01,  0.23554325E+01,  0.21210966E+01 /
       data x( 63),y( 63),z( 63),g( 63),min_LNEXT( 63),min_RSQ( 63),min_A(1, 63),min_A(2, 63),min_A(3, 63),min_A(4, 63),min_A(5, 63),min_A(6, 63),min_A(7, 63),min_A(8, 63),min_A(9, 63) /  0.66666669E+00,  0.88221431E+00,  0.00000000E+00,  0.32100000E+01,      64,  0.66103894E+00,  0.55719271E+01, -0.23654056E+01,  0.11094178E+01,  0.17820570E+02,  0.47146878E+01,  0.16807921E+00, -0.12515294E+02,  0.95607108E+00,  0.68668324E+00 /
       data x( 64),y( 64),z( 64),g( 64),min_LNEXT( 64),min_RSQ( 64),min_A(1, 64),min_A(2, 64),min_A(3, 64),min_A(4, 64),min_A(5, 64),min_A(6, 64),min_A(7, 64),min_A(8, 64),min_A(9, 64) /  0.66666669E+00,  0.88221431E+00,  0.31746033E+00,  0.34500000E+01,      67,  0.52602667E+00,  0.72970600E+01, -0.62629881E+01,  0.36042895E+01,  0.18566804E+01,  0.28395371E+01,  0.24696798E+01, -0.74153409E+01,  0.27525232E+01,  0.49415904E+00 /
       data x( 65),y( 65),z( 65),g( 65),min_LNEXT( 65),min_RSQ( 65),min_A(1, 65),min_A(2, 65),min_A(3, 65),min_A(4, 65),min_A(5, 65),min_A(6, 65),min_A(7, 65),min_A(8, 65),min_A(9, 65) /  0.66666669E+00,  0.88221431E+00,  0.63492066E+00,  0.38499999E+01,      68,  0.36421344E+00,  0.63319187E+01, -0.36005156E+01,  0.10534279E+02, -0.32213025E+01, -0.56341904E+00,  0.63958180E+00, -0.78728409E+01,  0.34810922E+01,  0.15897974E+01 /
       data x( 66),y( 66),z( 66),g( 66),min_LNEXT( 66),min_RSQ( 66),min_A(1, 66),min_A(2, 66),min_A(3, 66),min_A(4, 66),min_A(5, 66),min_A(6, 66),min_A(7, 66),min_A(8, 66),min_A(9, 66) /  0.66666669E+00,  0.88221431E+00,  0.10000000E+01,  0.44899998E+01,      69,  0.56676745E+00,  0.75235724E+01, -0.34465446E+01, -0.48049316E+01, -0.24176688E+01, -0.58164315E+01, -0.18313201E+00, -0.92812729E+01,  0.33150771E+00,  0.13987410E+01 /
       data x( 67),y( 67),z( 67),g( 67),min_LNEXT( 67),min_RSQ( 67),min_A(1, 67),min_A(2, 67),min_A(3, 67),min_A(4, 67),min_A(5, 67),min_A(6, 67),min_A(7, 67),min_A(8, 67),min_A(9, 67) /  0.77777779E+00,  0.76442868E+00,  0.31746033E+00,  0.25200000E+01,      70,  0.54119599E+00,  0.82794838E+01, -0.68273654E+01,  0.42729774E+01, -0.88644791E+00,  0.36418233E+01,  0.25063977E+01, -0.49522700E+01,  0.11134652E+01,  0.47031164E-01 /
       data x( 68),y( 68),z( 68),g( 68),min_LNEXT( 68),min_RSQ( 68),min_A(1, 68),min_A(2, 68),min_A(3, 68),min_A(4, 68),min_A(5, 68),min_A(6, 68),min_A(7, 68),min_A(8, 68),min_A(9, 68) /  0.77777779E+00,  0.76442868E+00,  0.63492066E+00,  0.28399999E+01,      71,  0.45036536E+00,  0.59844356E+01, -0.36196711E+01,  0.10822104E+02, -0.30463662E+01, -0.92434543E+00,  0.87482864E+00, -0.60719857E+01,  0.52143455E+00,  0.13559561E+01 /
       data x( 69),y( 69),z( 69),g( 69),min_LNEXT( 69),min_RSQ( 69),min_A(1, 69),min_A(2, 69),min_A(3, 69),min_A(4, 69),min_A(5, 69),min_A(6, 69),min_A(7, 69),min_A(8, 69),min_A(9, 69) /  0.77777779E+00,  0.76442868E+00,  0.10000000E+01,  0.35000000E+01,      72,  0.58202827E+00,  0.67410054E+01, -0.36677048E+01, -0.66186171E+01, -0.19492686E+01, -0.46756516E+01,  0.12423500E+01, -0.73864241E+01,  0.14581449E+01,  0.22838180E+01 /
       data x( 70),y( 70),z( 70),g( 70),min_LNEXT( 70),min_RSQ( 70),min_A(1, 70),min_A(2, 70),min_A(3, 70),min_A(4, 70),min_A(5, 70),min_A(6, 70),min_A(7, 70),min_A(8, 70),min_A(9, 70) /  0.77777779E+00,  0.88221431E+00,  0.31746033E+00,  0.27300000E+01,      73,  0.54128748E+00,  0.76507349E+01, -0.51080971E+01,  0.27489445E+01, -0.96445626E+00,  0.36868167E+01,  0.21842914E+01, -0.57585392E+01,  0.20859294E+01,  0.47072867E+00 /
       data x( 71),y( 71),z( 71),g( 71),min_LNEXT( 71),min_RSQ( 71),min_A(1, 71),min_A(2, 71),min_A(3, 71),min_A(4, 71),min_A(5, 71),min_A(6, 71),min_A(7, 71),min_A(8, 71),min_A(9, 71) /  0.77777779E+00,  0.88221431E+00,  0.63492066E+00,  0.30599999E+01,      74,  0.45927519E+00,  0.57846012E+01, -0.33203268E+01,  0.10143554E+02, -0.31140702E+01, -0.14470156E+01,  0.42894986E+00, -0.65205150E+01,  0.30356364E+01,  0.12057619E+01 /
       data x( 72),y( 72),z( 72),g( 72),min_LNEXT( 72),min_RSQ( 72),min_A(1, 72),min_A(2, 72),min_A(3, 72),min_A(4, 72),min_A(5, 72),min_A(6, 72),min_A(7, 72),min_A(8, 72),min_A(9, 72) /  0.77777779E+00,  0.88221431E+00,  0.10000000E+01,  0.35599999E+01,      75,  0.61740470E+00,  0.70644698E+01, -0.33960648E+01, -0.35619531E+01, -0.20798407E+01, -0.68148503E+01, -0.58931392E-01, -0.77208428E+01,  0.17696948E+00,  0.11757807E+01 /
       data x( 73),y( 73),z( 73),g( 73),min_LNEXT( 73),min_RSQ( 73),min_A(1, 73),min_A(2, 73),min_A(3, 73),min_A(4, 73),min_A(5, 73),min_A(6, 73),min_A(7, 73),min_A(8, 73),min_A(9, 73) /  0.77777779E+00,  0.10000000E+01,  0.31746033E+00,  0.30100000E+01,      77,  0.58202827E+00,  0.88460722E+01, -0.80854435E+01,  0.47178879E+01, -0.13400542E+01,  0.43706489E+01,  0.20880549E+01, -0.67547803E+01,  0.31108320E+01,  0.98901153E+00 /
       data x( 74),y( 74),z( 74),g( 74),min_LNEXT( 74),min_RSQ( 74),min_A(1, 74),min_A(2, 74),min_A(3, 74),min_A(4, 74),min_A(5, 74),min_A(6, 74),min_A(7, 74),min_A(8, 74),min_A(9, 74) /  0.77777779E+00,  0.10000000E+01,  0.63492066E+00,  0.35699999E+01,      78,  0.51508796E+00,  0.65390429E+01, -0.52174067E+01,  0.11674058E+02, -0.33529954E+01, -0.17026378E+01, -0.67028426E-01, -0.71803026E+01,  0.57294421E+01,  0.99550843E+00 /
       data x( 75),y( 75),z( 75),g( 75),min_LNEXT( 75),min_RSQ( 75),min_A(1, 75),min_A(2, 75),min_A(3, 75),min_A(4, 75),min_A(5, 75),min_A(6, 75),min_A(7, 75),min_A(8, 75),min_A(9, 75) /  0.77777779E+00,  0.10000000E+01,  0.10000000E+01,  0.35400000E+01,      76,  0.70896959E+00,  0.71246419E+01, -0.28859816E+01, -0.34531822E+01, -0.21175148E+01, -0.83654461E+01, -0.13535991E+01, -0.80487881E+01, -0.59187812E+00, -0.28815237E+00 /
       data x( 76),y( 76),z( 76),g( 76),min_LNEXT( 76),min_RSQ( 76),min_A(1, 76),min_A(2, 76),min_A(3, 76),min_A(4, 76),min_A(5, 76),min_A(6, 76),min_A(7, 76),min_A(8, 76),min_A(9, 76) /  0.88888890E+00,  0.76442868E+00,  0.10000000E+01,  0.27600000E+01,      79,  0.73833686E+00,  0.65063047E+01, -0.30403261E+01, -0.53612499E+01, -0.18873639E+01, -0.60449948E+01,  0.86959553E+00, -0.59371142E+01,  0.10030239E+01,  0.20557654E+01 /
       data x( 77),y( 77),z( 77),g( 77),min_LNEXT( 77),min_RSQ( 77),min_A(1, 77),min_A(2, 77),min_A(3, 77),min_A(4, 77),min_A(5, 77),min_A(6, 77),min_A(7, 77),min_A(8, 77),min_A(9, 77) /  0.88888890E+00,  0.88221431E+00,  0.31746033E+00,  0.21500001E+01,      81,  0.58426887E+00,  0.11677397E+02, -0.13726289E+02,  0.68712192E+01, -0.31678324E+01,  0.46391554E+01,  0.20531061E+01, -0.34823115E+01,  0.51410085E+00,  0.10737135E+00 /
       data x( 78),y( 78),z( 78),g( 78),min_LNEXT( 78),min_RSQ( 78),min_A(1, 78),min_A(2, 78),min_A(3, 78),min_A(4, 78),min_A(5, 78),min_A(6, 78),min_A(7, 78),min_A(8, 78),min_A(9, 78) /  0.88888890E+00,  0.88221431E+00,  0.63492066E+00,  0.24000001E+01,      82,  0.56565887E+00,  0.61972699E+01, -0.46037145E+01,  0.10033172E+02, -0.32923300E+01, -0.20423191E+01,  0.47509703E+00, -0.52156854E+01,  0.23880391E+01,  0.82198209E+00 /
       data x( 79),y( 79),z( 79),g( 79),min_LNEXT( 79),min_RSQ( 79),min_A(1, 79),min_A(2, 79),min_A(3, 79),min_A(4, 79),min_A(5, 79),min_A(6, 79),min_A(7, 79),min_A(8, 79),min_A(9, 79) /  0.88888890E+00,  0.88221431E+00,  0.10000000E+01,  0.28000000E+01,      80,  0.79938000E+00,  0.67842927E+01, -0.23949165E+01, -0.39296584E+01, -0.18250451E+01, -0.75909367E+01,  0.37120155E+00, -0.61764760E+01, -0.79841420E-01,  0.11353014E+01 /
       data x( 80),y( 80),z( 80),g( 80),min_LNEXT( 80),min_RSQ( 80),min_A(1, 80),min_A(2, 80),min_A(3, 80),min_A(4, 80),min_A(5, 80),min_A(6, 80),min_A(7, 80),min_A(8, 80),min_A(9, 80) /  0.10000000E+01,  0.76442868E+00,  0.10000000E+01,  0.21700001E+01,      83,  0.88628942E+00,  0.64435229E+01, -0.22756531E+01, -0.47718525E+01, -0.17779608E+01, -0.67376590E+01,  0.94391346E+00, -0.45431108E+01,  0.77466869E+00,  0.19679874E+01 /
       data x( 81),y( 81),z( 81),g( 81),min_LNEXT( 81),min_RSQ( 81),min_A(1, 81),min_A(2, 81),min_A(3, 81),min_A(4, 81),min_A(5, 81),min_A(6, 81),min_A(7, 81),min_A(8, 81),min_A(9, 81) /  0.10000000E+01,  0.88221431E+00,  0.31746033E+00,  0.19299999E+01,      81,  0.72973037E+00,  0.11688238E+02, -0.12956716E+02,  0.74739685E+01, -0.45602698E+01,  0.44477010E+01,  0.21671758E+01, -0.75946838E+00, -0.85093880E+00, -0.58491749E+00 /
       data x( 82),y( 82),z( 82),g( 82),min_LNEXT( 82),min_RSQ( 82),min_A(1, 82),min_A(2, 82),min_A(3, 82),min_A(4, 82),min_A(5, 82),min_A(6, 82),min_A(7, 82),min_A(8, 82),min_A(9, 82) /  0.10000000E+01,  0.88221431E+00,  0.63492066E+00,  0.18900000E+01,      82,  0.68069291E+00,  0.60900502E+01, -0.46735883E+01,  0.88799992E+01, -0.34654760E+01, -0.23038442E+01,  0.62979418E+00, -0.38831234E+01,  0.16177765E+01,  0.40630594E+00 /
       data x( 83),y( 83),z( 83),g( 83),min_LNEXT( 83),min_RSQ( 83),min_A(1, 83),min_A(2, 83),min_A(3, 83),min_A(4, 83),min_A(5, 83),min_A(6, 83),min_A(7, 83),min_A(8, 83),min_A(9, 83) /  0.10000000E+01,  0.88221431E+00,  0.10000000E+01,  0.22000000E+01,      83,  0.94733262E+00,  0.67091188E+01, -0.18031833E+01, -0.35831740E+01, -0.17121621E+01, -0.77697868E+01,  0.63238627E+00, -0.46722832E+01, -0.19942160E+00,  0.10544531E+01 /
   2   1               0.000       0.000      20.000              13.540      13.540       0.000
   2   2               0.000       0.000      40.000               8.840       8.840       0.000
   2   3               0.000       0.000      60.000              10.920      10.920       0.000
   2   4               0.000       0.000      83.000              12.440      12.440       0.000
   2   5               0.000       0.300      20.000              13.500      13.500       0.000
   2   6               0.000       0.300      40.000               8.710       8.710       0.000
   2   7               0.000       0.300      60.000              11.790      11.790       0.000
   2   8               0.000       0.300      83.000              11.460      11.460       0.000
   2   9               0.000       0.500      83.000              12.550      12.550       0.000
   2  10            2000.000       0.300      20.000              12.550      12.550       0.000
   2  11            2000.000       0.300      83.000              10.650      10.650       0.000
   2  12            2000.000       0.500      20.000              12.620      12.620       0.000
   2  13            2000.000       0.500      40.000               8.830       8.830       0.000
   2  14            2000.000       0.500      60.000              11.710      11.710       0.000
   2  15            2000.000       0.500      83.000              11.650      11.650       0.000
   2  16            4000.000       0.300      20.000              11.660      11.660       0.000
   2  17            4000.000       0.300      40.000               7.520       7.520       0.000
   2  18            4000.000       0.300      60.000              10.170      10.170       0.000
   2  19            4000.000       0.300      83.000               9.890       9.890       0.000
   2  20            4000.000       0.500      20.000              11.730      11.730       0.000
   2  21            4000.000       0.500      83.000              10.750      10.750       0.000
   2  22            6000.000       0.300      20.000              10.820      10.820       0.000
   2  23            6000.000       0.300      83.000               9.180       9.180       0.000
   2  24            6000.000       0.500      20.000              10.890      10.890       0.000
   2  25            6000.000       0.500      83.000               9.970       9.970       0.000
   2  26            8000.000       0.300      20.000              10.030      10.030       0.000
   2  27            8000.000       0.300      40.000               6.460       6.460       0.000
   2  28            8000.000       0.300      60.000               8.730       8.730       0.000
   2  29            8000.000       0.500      20.000              10.090      10.090       0.000
   2  30            8000.000       0.500      83.000               9.240       9.240       0.000
   2  31           10000.000       0.500      20.000               9.340       9.340       0.000
   2  32           10000.000       0.500      40.000               6.530       6.530       0.000
   2  33           10000.000       0.500      60.000               8.450       8.450       0.000
   2  34           10000.000       0.500      83.000               8.560       8.560       0.000
   2  35           10000.000       0.650      20.000               9.490       9.490       0.000
   2  36           10000.000       0.650      40.000               7.380       7.380       0.000
   2  37           10000.000       0.650      60.000               8.310       8.310       0.000
   2  38           15000.000       0.500      20.000               7.660       7.660       0.000
   2  39           15000.000       0.500      40.000               5.360       5.360       0.000
   2  40           15000.000       0.500      60.000               6.950       6.950       0.000
   2  41           15000.000       0.500      83.000               7.020       7.020       0.000
   2  42           15000.000       0.650      40.000               6.050       6.050       0.000
   2  43           15000.000       0.650      60.000               6.810       6.810       0.000
   2  44           15000.000       0.650      83.000               8.390       8.390       0.000
   2  45           20000.000       0.500      20.000               5.940       5.940       0.000
   2  46           20000.000       0.500      40.000               4.360       4.360       0.000
   2  47           20000.000       0.500      60.000               5.670       5.670       0.000
   2  48           20000.000       0.500      83.000               5.720       5.720       0.000
   2  49           20000.000       0.650      20.000               6.120       6.120       0.000
   2  50           20000.000       0.650      83.000               6.830       6.830       0.000
   2  51           20000.000       0.750      83.000               6.940       6.940       0.000
   2  52           25000.002       0.500      20.000               4.410       4.410       0.000
   2  53           25000.002       0.650      20.000               4.540       4.540       0.000
   2  54           25000.002       0.650      40.000               3.980       3.980       0.000
   2  55           25000.002       0.650      60.000               4.480       4.480       0.000
   2  56           25000.002       0.650      83.000               5.520       5.520       0.000
   2  57           25000.002       0.750      20.000               4.670       4.670       0.000
   2  58           25000.002       0.750      83.000               5.610       5.610       0.000
   2  59           30000.000       0.650      20.000               3.110       3.110       0.000
   2  60           30000.000       0.650      40.000               3.180       3.180       0.000
   2  61           30000.000       0.650      60.000               3.580       3.580       0.000
   2  62           30000.000       0.650      83.000               4.420       4.420       0.000
   2  63           30000.000       0.750      20.000               3.210       3.210       0.000
   2  64           30000.000       0.750      40.000               3.450       3.450       0.000
   2  65           30000.000       0.750      60.000               3.850       3.850       0.000
   2  66           30000.000       0.750      83.000               4.490       4.490       0.000
   2  67           35000.000       0.650      40.000               2.520       2.520       0.000
   2  68           35000.000       0.650      60.000               2.840       2.840       0.000
   2  69           35000.000       0.650      83.000               3.500       3.500       0.000
   2  70           35000.000       0.750      40.000               2.730       2.730       0.000
   2  71           35000.000       0.750      60.000               3.060       3.060       0.000
   2  72           35000.000       0.750      83.000               3.560       3.560       0.000
   2  73           35000.000       0.850      40.000               3.010       3.010       0.000
   2  74           35000.000       0.850      60.000               3.570       3.570       0.000
   2  75           35000.000       0.850      83.000               3.540       3.540       0.000
   2  76           40000.000       0.650      83.000               2.760       2.760       0.000
   2  77           40000.000       0.750      40.000               2.150       2.150       0.000
   2  78           40000.000       0.750      60.000               2.400       2.400       0.000
   2  79           40000.000       0.750      83.000               2.800       2.800       0.000
   2  80           45000.000       0.650      83.000               2.170       2.170       0.000
   2  81           45000.000       0.750      40.000               1.930       1.930       0.000
   2  82           45000.000       0.750      60.000               1.890       1.890       0.000
   2  83           45000.000       0.750      83.000               2.200       2.200       0.000
