       data N /      83 /
       data max_NQ, max_NW, max_NR, max_RMAX,r_i_index_max,r_i_index_min,r_j_index_max,r_j_index_min,r_k_index_max,r_k_index_min,r_f_max,r_f_min /      30,      40,       3,  0.11123611E+01,  0.45000000E+05,  0.00000000E+00,  0.85000002E+00,  0.10000000E-02,  0.83000000E+02,  0.20000000E+02,  0.25790001E+02,  0.32900000E+01 /
       data max_XYZMIN(  1) ,max_XYZDEL(  1) /  0.00000000E+00,  0.33333334E+00 /
       data max_LCELL(  1,  1,  1) /       1 /
       data max_LCELL(  1,  1,  2) /       3 /
       data max_LCELL(  1,  1,  3) /       4 /
       data max_LCELL(  1,  2,  1) /       5 /
       data max_LCELL(  1,  2,  2) /       7 /
       data max_LCELL(  1,  2,  3) /       8 /
       data max_LCELL(  1,  3,  1) /      35 /
       data max_LCELL(  1,  3,  2) /      37 /
       data max_LCELL(  1,  3,  3) /       0 /
       data max_XYZMIN(  2) ,max_XYZDEL(  2) / -0.11778563E-02,  0.33372596E+00 /
       data max_LCELL(  2,  1,  1) /       0 /
       data max_LCELL(  2,  1,  2) /       0 /
       data max_LCELL(  2,  1,  3) /       0 /
       data max_LCELL(  2,  2,  1) /      38 /
       data max_LCELL(  2,  2,  2) /      40 /
       data max_LCELL(  2,  2,  3) /      41 /
       data max_LCELL(  2,  3,  1) /      42 /
       data max_LCELL(  2,  3,  2) /      43 /
       data max_LCELL(  2,  3,  3) /      44 /
       data max_XYZMIN(  3) ,max_XYZDEL(  3) /  0.00000000E+00,  0.33333334E+00 /
       data max_LCELL(  3,  1,  1) /       0 /
       data max_LCELL(  3,  1,  2) /       0 /
       data max_LCELL(  3,  1,  3) /       0 /
       data max_LCELL(  3,  2,  1) /       0 /
       data max_LCELL(  3,  2,  2) /       0 /
       data max_LCELL(  3,  2,  3) /       0 /
       data max_LCELL(  3,  3,  1) /      59 /
       data max_LCELL(  3,  3,  2) /      61 /
       data max_LCELL(  3,  3,  3) /      62 /
       data x(  1),y(  1),z(  1),f(  1),max_LNEXT(  1),max_RSQ(  1),max_A(1,  1),max_A(2,  1),max_A(3,  1),max_A(4,  1),max_A(5,  1),max_A(6,  1),max_A(7,  1),max_A(8,  1),max_A(9,  1) /  0.00000000E+00, -0.11778563E-02,  0.00000000E+00,  0.14910000E+02,       2,  0.12104276E+01,  0.13984145E+02, -0.25425730E+01,  0.21133201E+01, -0.48131552E+01,  0.12269977E+01,  0.12568239E+02, -0.23445642E+02, -0.11938156E+00, -0.17101383E+01 /
       data x(  2),y(  2),z(  2),f(  2),max_LNEXT(  2),max_RSQ(  2),max_A(1,  2),max_A(2,  2),max_A(3,  2),max_A(4,  2),max_A(5,  2),max_A(6,  2),max_A(7,  2),max_A(8,  2),max_A(9,  2) /  0.00000000E+00, -0.11778563E-02,  0.31746033E+00,  0.15670000E+02,       2,  0.89396638E+00,  0.12627003E+02, -0.28651571E+01,  0.45122890E+01, -0.11141501E+02,  0.50492034E+01,  0.11644106E+02, -0.25154978E+02, -0.41510373E+00,  0.57710485E+01 /
       data x(  3),y(  3),z(  3),f(  3),max_LNEXT(  3),max_RSQ(  3),max_A(1,  3),max_A(2,  3),max_A(3,  3),max_A(4,  3),max_A(5,  3),max_A(6,  3),max_A(7,  3),max_A(8,  3),max_A(9,  3) /  0.00000000E+00, -0.11778563E-02,  0.63492066E+00,  0.18639999E+02,       3,  0.84451222E+00,  0.25418699E+02, -0.88759165E+01,  0.81181984E+01, -0.15176077E+02,  0.49408569E+01,  0.48717120E+00, -0.30031284E+02,  0.54832578E+00,  0.96203709E+01 /
       data x(  4),y(  4),z(  4),f(  4),max_LNEXT(  4),max_RSQ(  4),max_A(1,  4),max_A(2,  4),max_A(3,  4),max_A(4,  4),max_A(5,  4),max_A(6,  4),max_A(7,  4),max_A(8,  4),max_A(9,  4) /  0.00000000E+00, -0.11778563E-02,  0.10000000E+01,  0.22379999E+02,       4,  0.12373472E+01,  0.14988901E+02, -0.25517433E+01,  0.85402298E+01, -0.14843870E+02,  0.10963424E+01, -0.10003541E+01, -0.36384979E+02,  0.91828310E+00,  0.97365646E+01 /
       data x(  5),y(  5),z(  5),f(  5),max_LNEXT(  5),max_RSQ(  5),max_A(1,  5),max_A(2,  5),max_A(3,  5),max_A(4,  5),max_A(5,  5),max_A(6,  5),max_A(7,  5),max_A(8,  5),max_A(9,  5) /  0.00000000E+00,  0.35217902E+00,  0.00000000E+00,  0.15150000E+02,       6,  0.78669286E+00,  0.14059030E+02, -0.22619052E+01,  0.21458583E+01, -0.36746094E+01,  0.41027102E+01,  0.15053449E+02, -0.24448345E+02,  0.11740814E+01, -0.23045771E+01 /
       data x(  6),y(  6),z(  6),f(  6),max_LNEXT(  6),max_RSQ(  6),max_A(1,  6),max_A(2,  6),max_A(3,  6),max_A(4,  6),max_A(5,  6),max_A(6,  6),max_A(7,  6),max_A(8,  6),max_A(9,  6) /  0.00000000E+00,  0.35217902E+00,  0.31746033E+00,  0.15880000E+02,      10,  0.53200203E+00,  0.13011888E+02, -0.41336827E+01,  0.52406654E+01, -0.10861055E+02,  0.82863808E+01,  0.15380216E+02, -0.25505554E+02,  0.26931305E+01,  0.77236986E+01 /
       data x(  7),y(  7),z(  7),f(  7),max_LNEXT(  7),max_RSQ(  7),max_A(1,  7),max_A(2,  7),max_A(3,  7),max_A(4,  7),max_A(5,  7),max_A(6,  7),max_A(7,  7),max_A(8,  7),max_A(9,  7) /  0.00000000E+00,  0.35217902E+00,  0.63492066E+00,  0.20020000E+02,      14,  0.51317126E+00,  0.17455631E+02, -0.53241262E+01,  0.75269637E+01, -0.16502241E+02,  0.67648425E+01, -0.42100201E+01, -0.32237659E+02,  0.62205606E+01,  0.11716467E+02 /
       data x(  8),y(  8),z(  8),f(  8),max_LNEXT(  8),max_RSQ(  8),max_A(1,  8),max_A(2,  8),max_A(3,  8),max_A(4,  8),max_A(5,  8),max_A(6,  8),max_A(7,  8),max_A(8,  8),max_A(9,  8) /  0.00000000E+00,  0.35217902E+00,  0.10000000E+01,  0.23790001E+02,       9,  0.82161343E+00,  0.15961004E+02, -0.10174648E+01,  0.80316105E+01, -0.14466170E+02,  0.21170256E+01, -0.37211328E+01, -0.37943348E+02,  0.70366254E+01,  0.89235096E+01 /
       data x(  9),y(  9),z(  9),f(  9),max_LNEXT(  9),max_RSQ(  9),max_A(1,  9),max_A(2,  9),max_A(3,  9),max_A(4,  9),max_A(5,  9),max_A(6,  9),max_A(7,  9),max_A(8,  9),max_A(9,  9) /  0.00000000E+00,  0.58775026E+00,  0.10000000E+01,  0.25790001E+02,      11,  0.69976896E+00,  0.96174450E+01,  0.97068322E+00,  0.38455925E+01, -0.13457774E+02,  0.21147068E+01, -0.81138935E+01, -0.35869568E+02,  0.96260424E+01,  0.77110558E+01 /
       data x( 10),y( 10),z( 10),f( 10),max_LNEXT( 10),max_RSQ( 10),max_A(1, 10),max_A(2, 10),max_A(3, 10),max_A(4, 10),max_A(5, 10),max_A(6, 10),max_A(7, 10),max_A(8, 10),max_A(9, 10) /  0.44444446E-01,  0.35217902E+00,  0.00000000E+00,  0.14090000E+02,      12,  0.72368050E+00,  0.14125381E+02, -0.25338516E+01,  0.22161102E+01, -0.37603078E+01,  0.43287201E+01,  0.14725166E+02, -0.23170004E+02,  0.10654716E+01, -0.23731692E+01 /
       data x( 11),y( 11),z( 11),f( 11),max_LNEXT( 11),max_RSQ( 11),max_A(1, 11),max_A(2, 11),max_A(3, 11),max_A(4, 11),max_A(5, 11),max_A(6, 11),max_A(7, 11),max_A(8, 11),max_A(9, 11) /  0.44444446E-01,  0.35217902E+00,  0.10000000E+01,  0.22120001E+02,      15,  0.75943255E+00,  0.17953711E+02, -0.39404535E+01,  0.85211210E+01, -0.13856416E+02,  0.20830991E+01, -0.34721758E+01, -0.36364483E+02,  0.70047317E+01,  0.83436098E+01 /
       data x( 12),y( 12),z( 12),f( 12),max_LNEXT( 12),max_RSQ( 12),max_A(1, 12),max_A(2, 12),max_A(3, 12),max_A(4, 12),max_A(5, 12),max_A(6, 12),max_A(7, 12),max_A(8, 12),max_A(9, 12) /  0.44444446E-01,  0.58775026E+00,  0.00000000E+00,  0.14450000E+02,      13,  0.61943668E+00,  0.13635190E+02, -0.25995495E+01,  0.25076585E+01, -0.42527494E+01,  0.75215206E+01,  0.18057411E+02, -0.23645374E+02,  0.21047390E+01, -0.19745878E+01 /
       data x( 13),y( 13),z( 13),f( 13),max_LNEXT( 13),max_RSQ( 13),max_A(1, 13),max_A(2, 13),max_A(3, 13),max_A(4, 13),max_A(5, 13),max_A(6, 13),max_A(7, 13),max_A(8, 13),max_A(9, 13) /  0.44444446E-01,  0.58775026E+00,  0.31746033E+00,  0.15580000E+02,      16,  0.49455196E+00,  0.13030540E+02, -0.28862581E+01,  0.74079046E+01, -0.11302497E+02,  0.99269505E+01,  0.16663532E+02, -0.25137636E+02,  0.52488532E+01,  0.95343990E+01 /
       data x( 14),y( 14),z( 14),f( 14),max_LNEXT( 14),max_RSQ( 14),max_A(1, 14),max_A(2, 14),max_A(3, 14),max_A(4, 14),max_A(5, 14),max_A(6, 14),max_A(7, 14),max_A(8, 14),max_A(9, 14) /  0.44444446E-01,  0.58775026E+00,  0.63492066E+00,  0.20549999E+02,      18,  0.46299222E+00,  0.13491385E+02, -0.52948666E+01,  0.80073252E+01, -0.15866149E+02,  0.90321894E+01, -0.68190660E+01, -0.31287121E+02,  0.98827991E+01,  0.12954334E+02 /
       data x( 15),y( 15),z( 15),f( 15),max_LNEXT( 15),max_RSQ( 15),max_A(1, 15),max_A(2, 15),max_A(3, 15),max_A(4, 15),max_A(5, 15),max_A(6, 15),max_A(7, 15),max_A(8, 15),max_A(9, 15) /  0.44444446E-01,  0.58775026E+00,  0.10000000E+01,  0.24190001E+02,      19,  0.63858575E+00,  0.87146673E+01,  0.29705958E+01,  0.16495683E+01, -0.12907734E+02,  0.17600868E+01, -0.82570210E+01, -0.34460052E+02,  0.90587444E+01,  0.69789195E+01 /
       data x( 16),y( 16),z( 16),f( 16),max_LNEXT( 16),max_RSQ( 16),max_A(1, 16),max_A(2, 16),max_A(3, 16),max_A(4, 16),max_A(5, 16),max_A(6, 16),max_A(7, 16),max_A(8, 16),max_A(9, 16) /  0.88888891E-01,  0.35217902E+00,  0.00000000E+00,  0.13090000E+02,      17,  0.67624104E+00,  0.13754598E+02, -0.22708335E+01,  0.21893473E+01, -0.38243377E+01,  0.45664358E+01,  0.14317984E+02, -0.21909920E+02,  0.94823718E+00, -0.24220867E+01 /
       data x( 17),y( 17),z( 17),f( 17),max_LNEXT( 17),max_RSQ( 17),max_A(1, 17),max_A(2, 17),max_A(3, 17),max_A(4, 17),max_A(5, 17),max_A(6, 17),max_A(7, 17),max_A(8, 17),max_A(9, 17) /  0.88888891E-01,  0.35217902E+00,  0.31746033E+00,  0.13720000E+02,      20,  0.52113783E+00,  0.14839747E+02, -0.57959943E+01,  0.56571627E+01, -0.10704413E+02,  0.85237856E+01,  0.14933753E+02, -0.23037512E+02,  0.21550336E+01,  0.66874938E+01 /
       data x( 18),y( 18),z( 18),f( 18),max_LNEXT( 18),max_RSQ( 18),max_A(1, 18),max_A(2, 18),max_A(3, 18),max_A(4, 18),max_A(5, 18),max_A(6, 18),max_A(7, 18),max_A(8, 18),max_A(9, 18) /  0.88888891E-01,  0.35217902E+00,  0.63492066E+00,  0.17280001E+02,      28,  0.47261772E+00,  0.18829435E+02, -0.73405623E+01,  0.78374090E+01, -0.16731377E+02,  0.75249815E+01, -0.41356511E+01, -0.29068844E+02,  0.58084135E+01,  0.10192927E+02 /
       data x( 19),y( 19),z( 19),f( 19),max_LNEXT( 19),max_RSQ( 19),max_A(1, 19),max_A(2, 19),max_A(3, 19),max_A(4, 19),max_A(5, 19),max_A(6, 19),max_A(7, 19),max_A(8, 19),max_A(9, 19) /  0.88888891E-01,  0.35217902E+00,  0.10000000E+01,  0.20540001E+02,      21,  0.71255141E+00,  0.18276766E+02, -0.54611568E+01,  0.88469238E+01, -0.13641823E+02,  0.21671934E+01, -0.32418776E+01, -0.34558353E+02,  0.67907209E+01,  0.77990580E+01 /
       data x( 20),y( 20),z( 20),f( 20),max_LNEXT( 20),max_RSQ( 20),max_A(1, 20),max_A(2, 20),max_A(3, 20),max_A(4, 20),max_A(5, 20),max_A(6, 20),max_A(7, 20),max_A(8, 20),max_A(9, 20) /  0.88888891E-01,  0.58775026E+00,  0.00000000E+00,  0.13420000E+02,      22,  0.57344908E+00,  0.13502751E+02, -0.24671249E+01,  0.23347075E+01, -0.47548866E+01,  0.78712115E+01,  0.18264879E+02, -0.22318647E+02,  0.19185065E+01, -0.21826260E+01 /
       data x( 21),y( 21),z( 21),f( 21),max_LNEXT( 21),max_RSQ( 21),max_A(1, 21),max_A(2, 21),max_A(3, 21),max_A(4, 21),max_A(5, 21),max_A(6, 21),max_A(7, 21),max_A(8, 21),max_A(9, 21) /  0.88888891E-01,  0.58775026E+00,  0.10000000E+01,  0.22780001E+02,      23,  0.60920113E+00,  0.36400378E+01,  0.80870218E+01,  0.17102302E+01, -0.16983591E+02,  0.44700894E+01, -0.69765615E+01, -0.33945644E+02,  0.97476578E+01,  0.72531438E+01 /
       data x( 22),y( 22),z( 22),f( 22),max_LNEXT( 22),max_RSQ( 22),max_A(1, 22),max_A(2, 22),max_A(3, 22),max_A(4, 22),max_A(5, 22),max_A(6, 22),max_A(7, 22),max_A(8, 22),max_A(9, 22) /  0.13333334E+00,  0.35217902E+00,  0.00000000E+00,  0.12140000E+02,      24,  0.63907278E+00,  0.14565468E+02, -0.33225043E+01,  0.24439948E+01, -0.38767858E+01,  0.47677341E+01,  0.13803020E+02, -0.20604080E+02,  0.78232771E+00, -0.24441681E+01 /
       data x( 23),y( 23),z( 23),f( 23),max_LNEXT( 23),max_RSQ( 23),max_A(1, 23),max_A(2, 23),max_A(3, 23),max_A(4, 23),max_A(5, 23),max_A(6, 23),max_A(7, 23),max_A(8, 23),max_A(9, 23) /  0.13333334E+00,  0.35217902E+00,  0.10000000E+01,  0.19059999E+02,      25,  0.67995876E+00,  0.16075256E+02, -0.50427456E+01,  0.88266220E+01, -0.13727787E+02,  0.22895803E+01, -0.28829215E+01, -0.32922977E+02,  0.65852275E+01,  0.73090196E+01 /
       data x( 24),y( 24),z( 24),f( 24),max_LNEXT( 24),max_RSQ( 24),max_A(1, 24),max_A(2, 24),max_A(3, 24),max_A(4, 24),max_A(5, 24),max_A(6, 24),max_A(7, 24),max_A(8, 24),max_A(9, 24) /  0.13333334E+00,  0.58775026E+00,  0.00000000E+00,  0.12470000E+02,      26,  0.52403539E+00,  0.12689282E+02, -0.18230407E+01,  0.19472952E+01, -0.46678038E+01,  0.79828982E+01,  0.16108046E+02, -0.21121267E+02,  0.17890490E+01, -0.17070868E+01 /
       data x( 25),y( 25),z( 25),f( 25),max_LNEXT( 25),max_RSQ( 25),max_A(1, 25),max_A(2, 25),max_A(3, 25),max_A(4, 25),max_A(5, 25),max_A(6, 25),max_A(7, 25),max_A(8, 25),max_A(9, 25) /  0.13333334E+00,  0.58775026E+00,  0.10000000E+01,  0.21200001E+02,      30,  0.57566243E+00,  0.10342139E+02,  0.99216205E+00,  0.36870465E+01, -0.15724247E+02,  0.33913550E+01, -0.73695812E+01, -0.34132408E+02,  0.10122982E+02,  0.62831883E+01 /
       data x( 26),y( 26),z( 26),f( 26),max_LNEXT( 26),max_RSQ( 26),max_A(1, 26),max_A(2, 26),max_A(3, 26),max_A(4, 26),max_A(5, 26),max_A(6, 26),max_A(7, 26),max_A(8, 26),max_A(9, 26) /  0.17777778E+00,  0.35217902E+00,  0.00000000E+00,  0.11260000E+02,      27,  0.63255429E+00,  0.14071279E+02, -0.32645161E+01,  0.24575081E+01, -0.41379542E+01,  0.50785170E+01,  0.12865256E+02, -0.19288759E+02,  0.62337154E+00, -0.23572190E+01 /
       data x( 27),y( 27),z( 27),f( 27),max_LNEXT( 27),max_RSQ( 27),max_A(1, 27),max_A(2, 27),max_A(3, 27),max_A(4, 27),max_A(5, 27),max_A(6, 27),max_A(7, 27),max_A(8, 27),max_A(9, 27) /  0.17777778E+00,  0.35217902E+00,  0.31746033E+00,  0.11800000E+02,      29,  0.51461929E+00,  0.14906431E+02, -0.65046778E+01,  0.61481338E+01, -0.10415985E+02,  0.85669746E+01,  0.14355356E+02, -0.20345911E+02,  0.15087742E+01,  0.57007246E+01 /
       data x( 28),y( 28),z( 28),f( 28),max_LNEXT( 28),max_RSQ( 28),max_A(1, 28),max_A(2, 28),max_A(3, 28),max_A(4, 28),max_A(5, 28),max_A(6, 28),max_A(7, 28),max_A(8, 28),max_A(9, 28) /  0.17777778E+00,  0.35217902E+00,  0.63492066E+00,  0.14850000E+02,      33,  0.45479161E+00,  0.16259172E+02, -0.65936360E+01,  0.78326592E+01, -0.16745937E+02,  0.83908682E+01, -0.41733022E+01, -0.26032293E+02,  0.53267879E+01,  0.86542740E+01 /
       data x( 29),y( 29),z( 29),f( 29),max_LNEXT( 29),max_RSQ( 29),max_A(1, 29),max_A(2, 29),max_A(3, 29),max_A(4, 29),max_A(5, 29),max_A(6, 29),max_A(7, 29),max_A(8, 29),max_A(9, 29) /  0.17777778E+00,  0.58775026E+00,  0.00000000E+00,  0.11540000E+02,      31,  0.52714455E+00,  0.13732659E+02, -0.34490712E+01,  0.25789075E+01, -0.52242126E+01,  0.84326744E+01,  0.14306349E+02, -0.20002138E+02,  0.17073015E+01, -0.13241637E+01 /
       data x( 30),y( 30),z( 30),f( 30),max_LNEXT( 30),max_RSQ( 30),max_A(1, 30),max_A(2, 30),max_A(3, 30),max_A(4, 30),max_A(5, 30),max_A(6, 30),max_A(7, 30),max_A(8, 30),max_A(9, 30) /  0.17777778E+00,  0.58775026E+00,  0.10000000E+01,  0.19639999E+02,      34,  0.57348961E+00,  0.15268803E+02, -0.59551830E+01,  0.64071045E+01, -0.14422319E+02,  0.25626414E+01, -0.66603484E+01, -0.33190708E+02,  0.10108237E+02,  0.58454256E+01 /
       data x( 31),y( 31),z( 31),f( 31),max_LNEXT( 31),max_RSQ( 31),max_A(1, 31),max_A(2, 31),max_A(3, 31),max_A(4, 31),max_A(5, 31),max_A(6, 31),max_A(7, 31),max_A(8, 31),max_A(9, 31) /  0.22222222E+00,  0.58775026E+00,  0.00000000E+00,  0.10690000E+02,      32,  0.52403539E+00,  0.13122202E+02, -0.29928198E+01,  0.23045421E+01, -0.56773539E+01,  0.87576408E+01,  0.14021825E+02, -0.18725466E+02,  0.15243411E+01, -0.14688429E+01 /
       data x( 32),y( 32),z( 32),f( 32),max_LNEXT( 32),max_RSQ( 32),max_A(1, 32),max_A(2, 32),max_A(3, 32),max_A(4, 32),max_A(5, 32),max_A(6, 32),max_A(7, 32),max_A(8, 32),max_A(9, 32) /  0.22222222E+00,  0.58775026E+00,  0.31746033E+00,  0.11540000E+02,      32,  0.36247993E+00,  0.14214063E+02, -0.77013440E+01,  0.88970900E+01, -0.10685913E+02,  0.11117737E+02,  0.14824179E+02, -0.20373703E+02,  0.45411916E+01,  0.73360167E+01 /
       data x( 33),y( 33),z( 33),f( 33),max_LNEXT( 33),max_RSQ( 33),max_A(1, 33),max_A(2, 33),max_A(3, 33),max_A(4, 33),max_A(5, 33),max_A(6, 33),max_A(7, 33),max_A(8, 33),max_A(9, 33) /  0.22222222E+00,  0.58775026E+00,  0.63492066E+00,  0.15410000E+02,      33,  0.37384298E+00,  0.14676673E+02, -0.12315019E+02,  0.94229279E+01, -0.17376463E+02,  0.12249769E+02, -0.67345486E+01, -0.26431576E+02,  0.88412199E+01,  0.10030043E+02 /
       data x( 34),y( 34),z( 34),f( 34),max_LNEXT( 34),max_RSQ( 34),max_A(1, 34),max_A(2, 34),max_A(3, 34),max_A(4, 34),max_A(5, 34),max_A(6, 34),max_A(7, 34),max_A(8, 34),max_A(9, 34) /  0.22222222E+00,  0.58775026E+00,  0.10000000E+01,  0.18180000E+02,      34,  0.54721189E+00,  0.17200312E+02, -0.10057044E+02,  0.82886257E+01, -0.13530363E+02,  0.22436731E+01, -0.64383426E+01, -0.31627375E+02,  0.97219906E+01,  0.53339858E+01 /
       data x( 35),y( 35),z( 35),f( 35),max_LNEXT( 35),max_RSQ( 35),max_A(1, 35),max_A(2, 35),max_A(3, 35),max_A(4, 35),max_A(5, 35),max_A(6, 35),max_A(7, 35),max_A(8, 35),max_A(9, 35) /  0.22222222E+00,  0.76442868E+00,  0.00000000E+00,  0.11020000E+02,      36,  0.56565893E+00,  0.12908706E+02, -0.30617797E+01,  0.23059099E+01, -0.63833156E+01,  0.11208531E+02,  0.15825883E+02, -0.19238964E+02,  0.22546041E+01, -0.14143789E+00 /
       data x( 36),y( 36),z( 36),f( 36),max_LNEXT( 36),max_RSQ( 36),max_A(1, 36),max_A(2, 36),max_A(3, 36),max_A(4, 36),max_A(5, 36),max_A(6, 36),max_A(7, 36),max_A(8, 36),max_A(9, 36) /  0.22222222E+00,  0.76442868E+00,  0.31746033E+00,  0.12630000E+02,      36,  0.34340397E+00,  0.13130527E+02, -0.75263071E+01,  0.81905603E+01, -0.11404560E+02,  0.13706730E+02,  0.14346399E+02, -0.21912821E+02,  0.74595008E+01,  0.96689730E+01 /
       data x( 37),y( 37),z( 37),f( 37),max_LNEXT( 37),max_RSQ( 37),max_A(1, 37),max_A(2, 37),max_A(3, 37),max_A(4, 37),max_A(5, 37),max_A(6, 37),max_A(7, 37),max_A(8, 37),max_A(9, 37) /  0.22222222E+00,  0.76442868E+00,  0.63492066E+00,  0.17309999E+02,      37,  0.35476702E+00,  0.16308668E+02, -0.19106558E+02,  0.11568461E+02, -0.18715147E+02,  0.11090775E+02, -0.73652821E+01, -0.29711187E+02,  0.12902381E+02,  0.12037958E+02 /
       data x( 38),y( 38),z( 38),f( 38),max_LNEXT( 38),max_RSQ( 38),max_A(1, 38),max_A(2, 38),max_A(3, 38),max_A(4, 38),max_A(5, 38),max_A(6, 38),max_A(7, 38),max_A(8, 38),max_A(9, 38) /  0.33333334E+00,  0.58775026E+00,  0.00000000E+00,  0.87700005E+01,      39,  0.53109717E+00,  0.13202525E+02, -0.37706001E+01,  0.26597390E+01, -0.63168483E+01,  0.94052439E+01,  0.12019423E+02, -0.15776228E+02,  0.11116277E+01, -0.15204165E+01 /
       data x( 39),y( 39),z( 39),f( 39),max_LNEXT( 39),max_RSQ( 39),max_A(1, 39),max_A(2, 39),max_A(3, 39),max_A(4, 39),max_A(5, 39),max_A(6, 39),max_A(7, 39),max_A(8, 39),max_A(9, 39) /  0.33333334E+00,  0.58775026E+00,  0.31746033E+00,  0.94700003E+01,      45,  0.29412460E+00,  0.13282149E+02, -0.92445202E+01,  0.91298170E+01, -0.90487928E+01,  0.12923100E+02,  0.12735558E+02, -0.17278456E+02,  0.34820373E+01,  0.60926838E+01 /
       data x( 40),y( 40),z( 40),f( 40),max_LNEXT( 40),max_RSQ( 40),max_A(1, 40),max_A(2, 40),max_A(3, 40),max_A(4, 40),max_A(5, 40),max_A(6, 40),max_A(7, 40),max_A(8, 40),max_A(9, 40) /  0.33333334E+00,  0.58775026E+00,  0.63492066E+00,  0.12650000E+02,      47,  0.30317026E+00,  0.16019602E+02, -0.15045983E+02,  0.95502834E+01, -0.16818718E+02,  0.10664068E+02, -0.61435432E+01, -0.22997248E+02,  0.71890373E+01,  0.82150621E+01 /
       data x( 41),y( 41),z( 41),f( 41),max_LNEXT( 41),max_RSQ( 41),max_A(1, 41),max_A(2, 41),max_A(3, 41),max_A(4, 41),max_A(5, 41),max_A(6, 41),max_A(7, 41),max_A(8, 41),max_A(9, 41) /  0.33333334E+00,  0.58775026E+00,  0.10000000E+01,  0.14910000E+02,      48,  0.52322567E+00,  0.18815048E+02, -0.15214009E+02,  0.10677237E+02, -0.12152961E+02,  0.23825672E+01, -0.52147341E+01, -0.27303928E+02,  0.80715561E+01,  0.44109497E+01 /
       data x( 42),y( 42),z( 42),f( 42),max_LNEXT( 42),max_RSQ( 42),max_A(1, 42),max_A(2, 42),max_A(3, 42),max_A(4, 42),max_A(5, 42),max_A(6, 42),max_A(7, 42),max_A(8, 42),max_A(9, 42) /  0.33333334E+00,  0.76442868E+00,  0.31746033E+00,  0.10370000E+02,      49,  0.32814312E+00,  0.12964488E+02, -0.87866707E+01,  0.54230671E+01, -0.11837092E+02,  0.13124248E+02,  0.12790608E+02, -0.18966579E+02,  0.60508018E+01,  0.83468237E+01 /
       data x( 43),y( 43),z( 43),f( 43),max_LNEXT( 43),max_RSQ( 43),max_A(1, 43),max_A(2, 43),max_A(3, 43),max_A(4, 43),max_A(5, 43),max_A(6, 43),max_A(7, 43),max_A(8, 43),max_A(9, 43) /  0.33333334E+00,  0.76442868E+00,  0.63492066E+00,  0.14200000E+02,      55,  0.32814312E+00,  0.17609983E+02, -0.17558937E+02,  0.83888998E+01, -0.18715162E+02,  0.10043396E+02, -0.69168768E+01, -0.25947836E+02,  0.10299755E+02,  0.99394560E+01 /
       data x( 44),y( 44),z( 44),f( 44),max_LNEXT( 44),max_RSQ( 44),max_A(1, 44),max_A(2, 44),max_A(3, 44),max_A(4, 44),max_A(5, 44),max_A(6, 44),max_A(7, 44),max_A(8, 44),max_A(9, 44) /  0.33333334E+00,  0.76442868E+00,  0.10000000E+01,  0.16690001E+02,      50,  0.50137818E+00,  0.96297750E+01,  0.73226255E+00,  0.79863799E+00, -0.23746533E+01, -0.95717244E-01, -0.17377386E-05, -0.28264629E+02,  0.96328011E+01,  0.64171724E+01 /
       data x( 45),y( 45),z( 45),f( 45),max_LNEXT( 45),max_RSQ( 45),max_A(1, 45),max_A(2, 45),max_A(3, 45),max_A(4, 45),max_A(5, 45),max_A(6, 45),max_A(7, 45),max_A(8, 45),max_A(9, 45) /  0.44444445E+00,  0.58775026E+00,  0.00000000E+00,  0.71999998E+01,      46,  0.53209442E+00,  0.11836925E+02, -0.33907382E+01,  0.26593876E+01, -0.67588391E+01,  0.96904545E+01,  0.10594380E+02, -0.13072017E+02,  0.71615791E+00, -0.18598099E+01 /
       data x( 46),y( 46),z( 46),f( 46),max_LNEXT( 46),max_RSQ( 46),max_A(1, 46),max_A(2, 46),max_A(3, 46),max_A(4, 46),max_A(5, 46),max_A(6, 46),max_A(7, 46),max_A(8, 46),max_A(9, 46) /  0.44444445E+00,  0.58775026E+00,  0.31746033E+00,  0.77199998E+01,      52,  0.28685915E+00,  0.12334715E+02, -0.93539267E+01,  0.89692383E+01, -0.98753757E+01,  0.95054054E+01,  0.10985802E+02, -0.14520458E+02,  0.24820328E+01,  0.50529304E+01 /
       data x( 47),y( 47),z( 47),f( 47),max_LNEXT( 47),max_RSQ( 47),max_A(1, 47),max_A(2, 47),max_A(3, 47),max_A(4, 47),max_A(5, 47),max_A(6, 47),max_A(7, 47),max_A(8, 47),max_A(9, 47) /  0.44444445E+00,  0.58775026E+00,  0.63492066E+00,  0.10290000E+02,      47,  0.31096408E+00,  0.16039625E+02, -0.14583298E+02,  0.86915731E+01, -0.16495745E+02,  0.86873016E+01, -0.55077324E+01, -0.19451584E+02,  0.56710353E+01,  0.65126452E+01 /
       data x( 48),y( 48),z( 48),f( 48),max_LNEXT( 48),max_RSQ( 48),max_A(1, 48),max_A(2, 48),max_A(3, 48),max_A(4, 48),max_A(5, 48),max_A(6, 48),max_A(7, 48),max_A(8, 48),max_A(9, 48) /  0.44444445E+00,  0.58775026E+00,  0.10000000E+01,  0.12130000E+02,      48,  0.45577830E+00,  0.98173828E+01,  0.44675022E+00,  0.76856703E+00, -0.12020049E+01, -0.22121607E+00,  0.64110679E-06, -0.24947779E+02,  0.85768051E+01,  0.57126899E+01 /
       data x( 49),y( 49),z( 49),f( 49),max_LNEXT( 49),max_RSQ( 49),max_A(1, 49),max_A(2, 49),max_A(3, 49),max_A(4, 49),max_A(5, 49),max_A(6, 49),max_A(7, 49),max_A(8, 49),max_A(9, 49) /  0.44444445E+00,  0.76442868E+00,  0.00000000E+00,  0.74000001E+01,      53,  0.49775767E+00,  0.12055086E+02, -0.29746959E+01,  0.21413531E+01, -0.78275666E+01,  0.99840994E+01,  0.10742925E+02, -0.13578196E+02,  0.15634196E+01, -0.18042345E+00 /
       data x( 50),y( 50),z( 50),f( 50),max_LNEXT( 50),max_RSQ( 50),max_A(1, 50),max_A(2, 50),max_A(3, 50),max_A(4, 50),max_A(5, 50),max_A(6, 50),max_A(7, 50),max_A(8, 50),max_A(9, 50) /  0.44444445E+00,  0.76442868E+00,  0.10000000E+01,  0.13580000E+02,      51,  0.47261772E+00,  0.12850071E+02, -0.20820804E+01,  0.37132318E+01, -0.27809656E+01, -0.36233166E+00,  0.69069864E-06, -0.25459787E+02,  0.95456657E+01,  0.52692246E+01 /
       data x( 51),y( 51),z( 51),f( 51),max_LNEXT( 51),max_RSQ( 51),max_A(1, 51),max_A(2, 51),max_A(3, 51),max_A(4, 51),max_A(5, 51),max_A(6, 51),max_A(7, 51),max_A(8, 51),max_A(9, 51) /  0.44444445E+00,  0.88221431E+00,  0.10000000E+01,  0.14850000E+02,      56,  0.53386462E+00,  0.94359274E+01, -0.16161705E+01,  0.13245113E+01, -0.21416099E+01, -0.30342889E+00, -0.10417834E-06, -0.25713291E+02,  0.10031516E+02,  0.50352340E+01 /
       data x( 52),y( 52),z( 52),f( 52),max_LNEXT( 52),max_RSQ( 52),max_A(1, 52),max_A(2, 52),max_A(3, 52),max_A(4, 52),max_A(5, 52),max_A(6, 52),max_A(7, 52),max_A(8, 52),max_A(9, 52) /  0.55555558E+00,  0.58775026E+00,  0.00000000E+00,  0.58800001E+01,      52,  0.53209442E+00,  0.11427010E+02, -0.33294592E+01,  0.24736075E+01, -0.70605974E+01,  0.92654305E+01,  0.10489222E+02, -0.10601241E+02,  0.46220711E+00, -0.25760007E+01 /
       data x( 53),y( 53),z( 53),f( 53),max_LNEXT( 53),max_RSQ( 53),max_A(1, 53),max_A(2, 53),max_A(3, 53),max_A(4, 53),max_A(5, 53),max_A(6, 53),max_A(7, 53),max_A(8, 53),max_A(9, 53) /  0.55555558E+00,  0.76442868E+00,  0.00000000E+00,  0.60700002E+01,      54,  0.52645093E+00,  0.10041690E+02, -0.15272154E+01,  0.63637382E+00, -0.76176786E+01,  0.94814129E+01,  0.86397753E+01, -0.11252282E+02,  0.12329342E+01, -0.35106409E+00 /
       data x( 54),y( 54),z( 54),f( 54),max_LNEXT( 54),max_RSQ( 54),max_A(1, 54),max_A(2, 54),max_A(3, 54),max_A(4, 54),max_A(5, 54),max_A(6, 54),max_A(7, 54),max_A(8, 54),max_A(9, 54) /  0.55555558E+00,  0.76442868E+00,  0.31746033E+00,  0.68299999E+01,      57,  0.38475153E+00,  0.11082030E+02, -0.84059792E+01,  0.51178689E+01, -0.12531816E+02,  0.90103235E+01,  0.84468880E+01, -0.13591187E+02,  0.41997309E+01,  0.52035637E+01 /
       data x( 55),y( 55),z( 55),f( 55),max_LNEXT( 55),max_RSQ( 55),max_A(1, 55),max_A(2, 55),max_A(3, 55),max_A(4, 55),max_A(5, 55),max_A(6, 55),max_A(7, 55),max_A(8, 55),max_A(9, 55) /  0.55555558E+00,  0.76442868E+00,  0.63492066E+00,  0.93299999E+01,      55,  0.32169485E+00,  0.15168687E+02, -0.13804986E+02,  0.61005983E+01, -0.12905562E+02,  0.51719356E+01, -0.50369101E+01, -0.18527372E+02,  0.67956762E+01,  0.62985392E+01 /
       data x( 56),y( 56),z( 56),f( 56),max_LNEXT( 56),max_RSQ( 56),max_A(1, 56),max_A(2, 56),max_A(3, 56),max_A(4, 56),max_A(5, 56),max_A(6, 56),max_A(7, 56),max_A(8, 56),max_A(9, 56) /  0.55555558E+00,  0.76442868E+00,  0.10000000E+01,  0.10960000E+02,      58,  0.51244646E+00,  0.17163824E+02, -0.15407573E+02,  0.77857013E+01, -0.89693012E+01,  0.27407560E+01, -0.46589646E+01, -0.21817150E+02,  0.78763132E+01,  0.28710022E+01 /
       data x( 57),y( 57),z( 57),f( 57),max_LNEXT( 57),max_RSQ( 57),max_A(1, 57),max_A(2, 57),max_A(3, 57),max_A(4, 57),max_A(5, 57),max_A(6, 57),max_A(7, 57),max_A(8, 57),max_A(9, 57) /  0.55555558E+00,  0.88221431E+00,  0.00000000E+00,  0.62300000E+01,      57,  0.57687795E+00,  0.10749033E+02, -0.31308973E+01,  0.17796128E+01, -0.76082807E+01,  0.88557224E+01,  0.78523350E+01, -0.11630937E+02,  0.17158689E+01,  0.95827156E+00 /
       data x( 58),y( 58),z( 58),f( 58),max_LNEXT( 58),max_RSQ( 58),max_A(1, 58),max_A(2, 58),max_A(3, 58),max_A(4, 58),max_A(5, 58),max_A(6, 58),max_A(7, 58),max_A(8, 58),max_A(9, 58) /  0.55555558E+00,  0.88221431E+00,  0.10000000E+01,  0.11990000E+02,      58,  0.54858673E+00,  0.17153824E+02, -0.15218479E+02,  0.71399360E+01, -0.88905602E+01,  0.30769491E+01, -0.38779109E+01, -0.23670118E+02,  0.95628500E+01,  0.35224862E+01 /
       data x( 59),y( 59),z( 59),f( 59),max_LNEXT( 59),max_RSQ( 59),max_A(1, 59),max_A(2, 59),max_A(3, 59),max_A(4, 59),max_A(5, 59),max_A(6, 59),max_A(7, 59),max_A(8, 59),max_A(9, 59) /  0.66666669E+00,  0.76442868E+00,  0.00000000E+00,  0.49200001E+01,      60,  0.57107252E+00,  0.10039998E+02, -0.25811355E+01,  0.15755010E+01, -0.69282293E+01,  0.82554121E+01,  0.74120684E+01, -0.91294441E+01,  0.10432023E+01, -0.68737960E+00 /
       data x( 60),y( 60),z( 60),f( 60),max_LNEXT( 60),max_RSQ( 60),max_A(1, 60),max_A(2, 60),max_A(3, 60),max_A(4, 60),max_A(5, 60),max_A(6, 60),max_A(7, 60),max_A(8, 60),max_A(9, 60) /  0.66666669E+00,  0.76442868E+00,  0.31746033E+00,  0.54699998E+01,      63,  0.51240587E+00,  0.10690650E+02, -0.75515304E+01,  0.43753405E+01, -0.12119449E+02,  0.78964300E+01,  0.76972365E+01, -0.11249379E+02,  0.32902374E+01,  0.38240452E+01 /
       data x( 61),y( 61),z( 61),f( 61),max_LNEXT( 61),max_RSQ( 61),max_A(1, 61),max_A(2, 61),max_A(3, 61),max_A(4, 61),max_A(5, 61),max_A(6, 61),max_A(7, 61),max_A(8, 61),max_A(9, 61) /  0.66666669E+00,  0.76442868E+00,  0.63492066E+00,  0.74699998E+01,      65,  0.32814315E+00,  0.13222913E+02, -0.11437525E+02,  0.49230351E+01, -0.10757061E+02,  0.41827693E+01, -0.41686420E+01, -0.15360137E+02,  0.53556952E+01,  0.50852852E+01 /
       data x( 62),y( 62),z( 62),f( 62),max_LNEXT( 62),max_RSQ( 62),max_A(1, 62),max_A(2, 62),max_A(3, 62),max_A(4, 62),max_A(5, 62),max_A(6, 62),max_A(7, 62),max_A(8, 62),max_A(9, 62) /  0.66666669E+00,  0.76442868E+00,  0.10000000E+01,  0.87700005E+01,      66,  0.54128748E+00,  0.15729682E+02, -0.13814534E+02,  0.63708363E+01, -0.77718472E+01,  0.23738191E+01, -0.36706100E+01, -0.18216379E+02,  0.62688990E+01,  0.23295755E+01 /
       data x( 63),y( 63),z( 63),f( 63),max_LNEXT( 63),max_RSQ( 63),max_A(1, 63),max_A(2, 63),max_A(3, 63),max_A(4, 63),max_A(5, 63),max_A(6, 63),max_A(7, 63),max_A(8, 63),max_A(9, 63) /  0.66666669E+00,  0.88221431E+00,  0.00000000E+00,  0.50700002E+01,      64,  0.66103894E+00,  0.10328089E+02, -0.27045817E+01,  0.16057384E+01, -0.74242082E+01,  0.81101074E+01,  0.69135089E+01, -0.93160954E+01,  0.14099060E+01,  0.40260220E+00 /
       data x( 64),y( 64),z( 64),f( 64),max_LNEXT( 64),max_RSQ( 64),max_A(1, 64),max_A(2, 64),max_A(3, 64),max_A(4, 64),max_A(5, 64),max_A(6, 64),max_A(7, 64),max_A(8, 64),max_A(9, 64) /  0.66666669E+00,  0.88221431E+00,  0.31746033E+00,  0.59299998E+01,      67,  0.52602667E+00,  0.11415332E+02, -0.91846294E+01,  0.45964398E+01, -0.12258195E+02,  0.73338456E+01,  0.73894935E+01, -0.12342657E+02,  0.44929719E+01,  0.47350802E+01 /
       data x( 65),y( 65),z( 65),f( 65),max_LNEXT( 65),max_RSQ( 65),max_A(1, 65),max_A(2, 65),max_A(3, 65),max_A(4, 65),max_A(5, 65),max_A(6, 65),max_A(7, 65),max_A(8, 65),max_A(9, 65) /  0.66666669E+00,  0.88221431E+00,  0.63492066E+00,  0.81700001E+01,      68,  0.36421344E+00,  0.13351027E+02, -0.11534804E+02,  0.47469597E+01, -0.10378820E+02,  0.41653323E+01, -0.41932817E+01, -0.16723690E+02,  0.65258775E+01,  0.55661998E+01 /
       data x( 66),y( 66),z( 66),f( 66),max_LNEXT( 66),max_RSQ( 66),max_A(1, 66),max_A(2, 66),max_A(3, 66),max_A(4, 66),max_A(5, 66),max_A(6, 66),max_A(7, 66),max_A(8, 66),max_A(9, 66) /  0.66666669E+00,  0.88221431E+00,  0.10000000E+01,  0.95900002E+01,      69,  0.56676745E+00,  0.15997022E+02, -0.13454974E+02,  0.56716633E+01, -0.75593739E+01,  0.23202467E+01, -0.44805031E+01, -0.19846670E+02,  0.77047229E+01,  0.23041945E+01 /
       data x( 67),y( 67),z( 67),f( 67),max_LNEXT( 67),max_RSQ( 67),max_A(1, 67),max_A(2, 67),max_A(3, 67),max_A(4, 67),max_A(5, 67),max_A(6, 67),max_A(7, 67),max_A(8, 67),max_A(9, 67) /  0.77777779E+00,  0.76442868E+00,  0.31746033E+00,  0.43400002E+01,      70,  0.54119599E+00,  0.12519200E+02, -0.91748466E+01,  0.46671834E+01, -0.12477850E+02,  0.74760752E+01,  0.74217682E+01, -0.86319361E+01,  0.23933246E+01,  0.24841902E+01 /
       data x( 68),y( 68),z( 68),f( 68),max_LNEXT( 68),max_RSQ( 68),max_A(1, 68),max_A(2, 68),max_A(3, 68),max_A(4, 68),max_A(5, 68),max_A(6, 68),max_A(7, 68),max_A(8, 68),max_A(9, 68) /  0.77777779E+00,  0.76442868E+00,  0.63492066E+00,  0.59200001E+01,      71,  0.45036536E+00,  0.12927811E+02, -0.11087341E+02,  0.45714817E+01, -0.97177553E+01,  0.34751878E+01, -0.34742756E+01, -0.12475705E+02,  0.41776547E+01,  0.40722070E+01 /
       data x( 69),y( 69),z( 69),f( 69),max_LNEXT( 69),max_RSQ( 69),max_A(1, 69),max_A(2, 69),max_A(3, 69),max_A(4, 69),max_A(5, 69),max_A(6, 69),max_A(7, 69),max_A(8, 69),max_A(9, 69) /  0.77777779E+00,  0.76442868E+00,  0.10000000E+01,  0.69499998E+01,      72,  0.58202827E+00,  0.14896236E+02, -0.12279975E+02,  0.50200777E+01, -0.69978166E+01,  0.20527940E+01, -0.28769524E+01, -0.14920504E+02,  0.49576311E+01,  0.18603094E+01 /
       data x( 70),y( 70),z( 70),f( 70),max_LNEXT( 70),max_RSQ( 70),max_A(1, 70),max_A(2, 70),max_A(3, 70),max_A(4, 70),max_A(5, 70),max_A(6, 70),max_A(7, 70),max_A(8, 70),max_A(9, 70) /  0.77777779E+00,  0.88221431E+00,  0.31746033E+00,  0.46999998E+01,      73,  0.54128748E+00,  0.12206335E+02, -0.92731075E+01,  0.42204752E+01, -0.12389129E+02,  0.69874625E+01,  0.71885304E+01, -0.97837400E+01,  0.34936481E+01,  0.33591502E+01 /
       data x( 71),y( 71),z( 71),f( 71),max_LNEXT( 71),max_RSQ( 71),max_A(1, 71),max_A(2, 71),max_A(3, 71),max_A(4, 71),max_A(5, 71),max_A(6, 71),max_A(7, 71),max_A(8, 71),max_A(9, 71) /  0.77777779E+00,  0.88221431E+00,  0.63492066E+00,  0.64800000E+01,      74,  0.45927519E+00,  0.12839128E+02, -0.11529534E+02,  0.44609427E+01, -0.96847687E+01,  0.35071564E+01, -0.35709457E+01, -0.13777189E+02,  0.52266865E+01,  0.44788108E+01 /
       data x( 72),y( 72),z( 72),f( 72),max_LNEXT( 72),max_RSQ( 72),max_A(1, 72),max_A(2, 72),max_A(3, 72),max_A(4, 72),max_A(5, 72),max_A(6, 72),max_A(7, 72),max_A(8, 72),max_A(9, 72) /  0.77777779E+00,  0.88221431E+00,  0.10000000E+01,  0.75999999E+01,      75,  0.61740470E+00,  0.15221659E+02, -0.12077358E+02,  0.45577340E+01, -0.67453113E+01,  0.20556693E+01, -0.34594424E+01, -0.16333134E+02,  0.61741347E+01,  0.18876445E+01 /
       data x( 73),y( 73),z( 73),f( 73),max_LNEXT( 73),max_RSQ( 73),max_A(1, 73),max_A(2, 73),max_A(3, 73),max_A(4, 73),max_A(5, 73),max_A(6, 73),max_A(7, 73),max_A(8, 73),max_A(9, 73) /  0.77777779E+00,  0.10000000E+01,  0.31746033E+00,  0.51700001E+01,      77,  0.58202827E+00,  0.13333132E+02, -0.12115064E+02,  0.63209348E+01, -0.12792053E+02,  0.67917418E+01,  0.71979566E+01, -0.11144724E+02,  0.48944254E+01,  0.41233749E+01 /
       data x( 74),y( 74),z( 74),f( 74),max_LNEXT( 74),max_RSQ( 74),max_A(1, 74),max_A(2, 74),max_A(3, 74),max_A(4, 74),max_A(5, 74),max_A(6, 74),max_A(7, 74),max_A(8, 74),max_A(9, 74) /  0.77777779E+00,  0.10000000E+01,  0.63492066E+00,  0.71599998E+01,      78,  0.51508796E+00,  0.13312499E+02, -0.13132133E+02,  0.56003184E+01, -0.96480207E+01,  0.36604524E+01, -0.36710751E+01, -0.15278359E+02,  0.64846582E+01,  0.49036736E+01 /
       data x( 75),y( 75),z( 75),f( 75),max_LNEXT( 75),max_RSQ( 75),max_A(1, 75),max_A(2, 75),max_A(3, 75),max_A(4, 75),max_A(5, 75),max_A(6, 75),max_A(7, 75),max_A(8, 75),max_A(9, 75) /  0.77777779E+00,  0.10000000E+01,  0.10000000E+01,  0.83900003E+01,      76,  0.70896959E+00,  0.15397038E+02, -0.12282754E+02,  0.43488660E+01, -0.65897636E+01,  0.20609298E+01, -0.40072308E+01, -0.17805258E+02,  0.72343764E+01,  0.19271616E+01 /
       data x( 76),y( 76),z( 76),f( 76),max_LNEXT( 76),max_RSQ( 76),max_A(1, 76),max_A(2, 76),max_A(3, 76),max_A(4, 76),max_A(5, 76),max_A(6, 76),max_A(7, 76),max_A(8, 76),max_A(9, 76) /  0.88888890E+00,  0.76442868E+00,  0.10000000E+01,  0.54699998E+01,      79,  0.73833686E+00,  0.14396237E+02, -0.11088760E+02,  0.42680187E+01, -0.64182925E+01,  0.19182312E+01, -0.26526623E+01, -0.11785968E+02,  0.38465521E+01,  0.12603385E+01 /
       data x( 77),y( 77),z( 77),f( 77),max_LNEXT( 77),max_RSQ( 77),max_A(1, 77),max_A(2, 77),max_A(3, 77),max_A(4, 77),max_A(5, 77),max_A(6, 77),max_A(7, 77),max_A(8, 77),max_A(9, 77) /  0.88888890E+00,  0.88221431E+00,  0.31746033E+00,  0.37000000E+01,      81,  0.58426887E+00,  0.18788122E+02, -0.24347986E+02,  0.10755220E+02, -0.13430708E+02,  0.78059840E+01,  0.69528279E+01, -0.61604867E+01,  0.70816779E+00,  0.19655559E+01 /
       data x( 78),y( 78),z( 78),f( 78),max_LNEXT( 78),max_RSQ( 78),max_A(1, 78),max_A(2, 78),max_A(3, 78),max_A(4, 78),max_A(5, 78),max_A(6, 78),max_A(7, 78),max_A(8, 78),max_A(9, 78) /  0.88888890E+00,  0.88221431E+00,  0.63492066E+00,  0.50999999E+01,      82,  0.56565887E+00,  0.12613614E+02, -0.13392461E+02,  0.49677973E+01, -0.96728134E+01,  0.32377336E+01, -0.30222161E+01, -0.10947642E+02,  0.36607461E+01,  0.33884988E+01 /
       data x( 79),y( 79),z( 79),f( 79),max_LNEXT( 79),max_RSQ( 79),max_A(1, 79),max_A(2, 79),max_A(3, 79),max_A(4, 79),max_A(5, 79),max_A(6, 79),max_A(7, 79),max_A(8, 79),max_A(9, 79) /  0.88888890E+00,  0.88221431E+00,  0.10000000E+01,  0.59800000E+01,      80,  0.79938000E+00,  0.14802539E+02, -0.11044734E+02,  0.41808705E+01, -0.62344961E+01,  0.19754035E+01, -0.26507823E+01, -0.13008837E+02,  0.49155159E+01,  0.14974921E+01 /
       data x( 80),y( 80),z( 80),f( 80),max_LNEXT( 80),max_RSQ( 80),max_A(1, 80),max_A(2, 80),max_A(3, 80),max_A(4, 80),max_A(5, 80),max_A(6, 80),max_A(7, 80),max_A(8, 80),max_A(9, 80) /  0.10000000E+01,  0.76442868E+00,  0.10000000E+01,  0.43200002E+01,      83,  0.88628942E+00,  0.14309806E+02, -0.10238536E+02,  0.38623948E+01, -0.60723324E+01,  0.19165105E+01, -0.19997833E+01, -0.86747112E+01,  0.28984597E+01,  0.86123616E+00 /
       data x( 81),y( 81),z( 81),f( 81),max_LNEXT( 81),max_RSQ( 81),max_A(1, 81),max_A(2, 81),max_A(3, 81),max_A(4, 81),max_A(5, 81),max_A(6, 81),max_A(7, 81),max_A(8, 81),max_A(9, 81) /  0.10000000E+01,  0.88221431E+00,  0.31746033E+00,  0.32900000E+01,      81,  0.72973037E+00,  0.18564972E+02, -0.21270233E+02,  0.10423503E+02, -0.14364292E+02,  0.77071142E+01,  0.69950819E+01, -0.18411034E+01, -0.13402834E+01,  0.21252698E+00 /
       data x( 82),y( 82),z( 82),f( 82),max_LNEXT( 82),max_RSQ( 82),max_A(1, 82),max_A(2, 82),max_A(3, 82),max_A(4, 82),max_A(5, 82),max_A(6, 82),max_A(7, 82),max_A(8, 82),max_A(9, 82) /  0.10000000E+01,  0.88221431E+00,  0.63492066E+00,  0.40200000E+01,      82,  0.68069291E+00,  0.12089293E+02, -0.14596899E+02,  0.51277957E+01, -0.98823471E+01,  0.33715351E+01, -0.25034859E+01, -0.82747698E+01,  0.17825372E+01,  0.22419500E+01 /
       data x( 83),y( 83),z( 83),f( 83),max_LNEXT( 83),max_RSQ( 83),max_A(1, 83),max_A(2, 83),max_A(3, 83),max_A(4, 83),max_A(5, 83),max_A(6, 83),max_A(7, 83),max_A(8, 83),max_A(9, 83) /  0.10000000E+01,  0.88221431E+00,  0.10000000E+01,  0.47199998E+01,      83,  0.94733262E+00,  0.14666354E+02, -0.10376766E+02,  0.40865493E+01, -0.59985652E+01,  0.20155244E+01, -0.21949978E+01, -0.97463751E+01,  0.38277521E+01,  0.10234767E+01 /
   1   1               0.000       0.000      20.000              14.910      14.910       0.000
   1   2               0.000       0.000      40.000              15.670      15.670       0.000
   1   3               0.000       0.000      60.000              18.640      18.640       0.000
   1   4               0.000       0.000      83.000              22.380      22.380       0.000
   1   5               0.000       0.300      20.000              15.150      15.150       0.000
   1   6               0.000       0.300      40.000              15.880      15.880       0.000
   1   7               0.000       0.300      60.000              20.020      20.020       0.000
   1   8               0.000       0.300      83.000              23.790      23.790       0.000
   1   9               0.000       0.500      83.000              25.790      25.790       0.000
   1  10            2000.000       0.300      20.000              14.090      14.090       0.000
   1  11            2000.000       0.300      83.000              22.120      22.120       0.000
   1  12            2000.000       0.500      20.000              14.450      14.450       0.000
   1  13            2000.000       0.500      40.000              15.580      15.580       0.000
   1  14            2000.000       0.500      60.000              20.550      20.550       0.000
   1  15            2000.000       0.500      83.000              24.190      24.190       0.000
   1  16            4000.000       0.300      20.000              13.090      13.090       0.000
   1  17            4000.000       0.300      40.000              13.720      13.720       0.000
   1  18            4000.000       0.300      60.000              17.280      17.280       0.000
   1  19            4000.000       0.300      83.000              20.540      20.540       0.000
   1  20            4000.000       0.500      20.000              13.420      13.420       0.000
   1  21            4000.000       0.500      83.000              22.780      22.780       0.000
   1  22            6000.000       0.300      20.000              12.140      12.140       0.000
   1  23            6000.000       0.300      83.000              19.060      19.060       0.000
   1  24            6000.000       0.500      20.000              12.470      12.470       0.000
   1  25            6000.000       0.500      83.000              21.200      21.200       0.000
   1  26            8000.000       0.300      20.000              11.260      11.260       0.000
   1  27            8000.000       0.300      40.000              11.800      11.800       0.000
   1  28            8000.000       0.300      60.000              14.850      14.850       0.000
   1  29            8000.000       0.500      20.000              11.540      11.540       0.000
   1  30            8000.000       0.500      83.000              19.640      19.640       0.000
   1  31           10000.000       0.500      20.000              10.690      10.690       0.000
   1  32           10000.000       0.500      40.000              11.540      11.540       0.000
   1  33           10000.000       0.500      60.000              15.410      15.410       0.000
   1  34           10000.000       0.500      83.000              18.180      18.180       0.000
   1  35           10000.000       0.650      20.000              11.020      11.020       0.000
   1  36           10000.000       0.650      40.000              12.630      12.630       0.000
   1  37           10000.000       0.650      60.000              17.310      17.310       0.000
   1  38           15000.000       0.500      20.000               8.770       8.770       0.000
   1  39           15000.000       0.500      40.000               9.470       9.470       0.000
   1  40           15000.000       0.500      60.000              12.650      12.650       0.000
   1  41           15000.000       0.500      83.000              14.910      14.910       0.000
   1  42           15000.000       0.650      40.000              10.370      10.370       0.000
   1  43           15000.000       0.650      60.000              14.200      14.200       0.000
   1  44           15000.000       0.650      83.000              16.690      16.690       0.000
   1  45           20000.000       0.500      20.000               7.200       7.200       0.000
   1  46           20000.000       0.500      40.000               7.720       7.720       0.000
   1  47           20000.000       0.500      60.000              10.290      10.290       0.000
   1  48           20000.000       0.500      83.000              12.130      12.130       0.000
   1  49           20000.000       0.650      20.000               7.400       7.400       0.000
   1  50           20000.000       0.650      83.000              13.580      13.580       0.000
   1  51           20000.000       0.750      83.000              14.850      14.850       0.000
   1  52           25000.002       0.500      20.000               5.880       5.880       0.000
   1  53           25000.002       0.650      20.000               6.070       6.070       0.000
   1  54           25000.002       0.650      40.000               6.830       6.830       0.000
   1  55           25000.002       0.650      60.000               9.330       9.330       0.000
   1  56           25000.002       0.650      83.000              10.960      10.960       0.000
   1  57           25000.002       0.750      20.000               6.230       6.230       0.000
   1  58           25000.002       0.750      83.000              11.990      11.990       0.000
   1  59           30000.000       0.650      20.000               4.920       4.920       0.000
   1  60           30000.000       0.650      40.000               5.470       5.470       0.000
   1  61           30000.000       0.650      60.000               7.470       7.470       0.000
   1  62           30000.000       0.650      83.000               8.770       8.770       0.000
   1  63           30000.000       0.750      20.000               5.070       5.070       0.000
   1  64           30000.000       0.750      40.000               5.930       5.930       0.000
   1  65           30000.000       0.750      60.000               8.170       8.170       0.000
   1  66           30000.000       0.750      83.000               9.590       9.590       0.000
   1  67           35000.000       0.650      40.000               4.340       4.340       0.000
   1  68           35000.000       0.650      60.000               5.920       5.920       0.000
   1  69           35000.000       0.650      83.000               6.950       6.950       0.000
   1  70           35000.000       0.750      40.000               4.700       4.700       0.000
   1  71           35000.000       0.750      60.000               6.480       6.480       0.000
   1  72           35000.000       0.750      83.000               7.600       7.600       0.000
   1  73           35000.000       0.850      40.000               5.170       5.170       0.000
   1  74           35000.000       0.850      60.000               7.160       7.160       0.000
   1  75           35000.000       0.850      83.000               8.390       8.390       0.000
   1  76           40000.000       0.650      83.000               5.470       5.470       0.000
   1  77           40000.000       0.750      40.000               3.700       3.700       0.000
   1  78           40000.000       0.750      60.000               5.100       5.100       0.000
   1  79           40000.000       0.750      83.000               5.980       5.980       0.000
   1  80           45000.000       0.650      83.000               4.320       4.320       0.000
   1  81           45000.000       0.750      40.000               3.290       3.290       0.000
   1  82           45000.000       0.750      60.000               4.020       4.020       0.000
   1  83           45000.000       0.750      83.000               4.720       4.720       0.000
