       data N /      83 /
       data avg_NQ, avg_NW, avg_NR, avg_RMAX,r_i_index_max,r_i_index_min,r_j_index_max,r_j_index_min,r_k_index_max,r_k_index_min,r_h_max,r_h_min /      30,      40,       3,  0.11123611E+01,  0.45000000E+05,  0.00000000E+00,  0.85000002E+00,  0.10000000E-02,  0.83000000E+02,  0.20000000E+02,  0.16600000E+02,  0.23199999E+01 /
       data avg_XYZMIN(  1) ,avg_XYZDEL(  1) /  0.00000000E+00,  0.33333334E+00 /
       data avg_LCELL(  1,  1,  1) /       1 /
       data avg_LCELL(  1,  1,  2) /       3 /
       data avg_LCELL(  1,  1,  3) /       4 /
       data avg_LCELL(  1,  2,  1) /       5 /
       data avg_LCELL(  1,  2,  2) /       7 /
       data avg_LCELL(  1,  2,  3) /       8 /
       data avg_LCELL(  1,  3,  1) /      35 /
       data avg_LCELL(  1,  3,  2) /      37 /
       data avg_LCELL(  1,  3,  3) /       0 /
       data avg_XYZMIN(  2) ,avg_XYZDEL(  2) / -0.11778563E-02,  0.33372596E+00 /
       data avg_LCELL(  2,  1,  1) /       0 /
       data avg_LCELL(  2,  1,  2) /       0 /
       data avg_LCELL(  2,  1,  3) /       0 /
       data avg_LCELL(  2,  2,  1) /      38 /
       data avg_LCELL(  2,  2,  2) /      40 /
       data avg_LCELL(  2,  2,  3) /      41 /
       data avg_LCELL(  2,  3,  1) /      42 /
       data avg_LCELL(  2,  3,  2) /      43 /
       data avg_LCELL(  2,  3,  3) /      44 /
       data avg_XYZMIN(  3) ,avg_XYZDEL(  3) /  0.00000000E+00,  0.33333334E+00 /
       data avg_LCELL(  3,  1,  1) /       0 /
       data avg_LCELL(  3,  1,  2) /       0 /
       data avg_LCELL(  3,  1,  3) /       0 /
       data avg_LCELL(  3,  2,  1) /       0 /
       data avg_LCELL(  3,  2,  2) /       0 /
       data avg_LCELL(  3,  2,  3) /       0 /
       data avg_LCELL(  3,  3,  1) /      59 /
       data avg_LCELL(  3,  3,  2) /      61 /
       data avg_LCELL(  3,  3,  3) /      62 /
       data x(  1),y(  1),z(  1),h(  1),avg_LNEXT(  1),avg_RSQ(  1),avg_A(1,  1),avg_A(2,  1),avg_A(3,  1),avg_A(4,  1),avg_A(5,  1),avg_A(6,  1),avg_A(7,  1),avg_A(8,  1),avg_A(9,  1) /  0.00000000E+00, -0.11778563E-02,  0.00000000E+00,  0.14380000E+02,       2,  0.12104276E+01,  0.11969937E+02, -0.95216423E+00,  0.14753436E+01,  0.47422495E+01,  0.29332172E-01,  0.11717005E+02, -0.22669722E+02, -0.32072186E+00, -0.77277522E+01 /
       data x(  2),y(  2),z(  2),h(  2),avg_LNEXT(  2),avg_RSQ(  2),avg_A(1,  2),avg_A(2,  2),avg_A(3,  2),avg_A(4,  2),avg_A(5,  2),avg_A(6,  2),avg_A(7,  2),avg_A(8,  2),avg_A(9,  2) /  0.00000000E+00, -0.11778563E-02,  0.31746033E+00,  0.13120000E+02,       2,  0.89396638E+00,  0.12326909E+02, -0.11909088E+01,  0.24470434E+01, -0.12562600E+00,  0.17806114E+01,  0.11186908E+02, -0.21577368E+02, -0.54450482E+00, -0.46884930E+00 /
       data x(  3),y(  3),z(  3),h(  3),avg_LNEXT(  3),avg_RSQ(  3),avg_A(1,  3),avg_A(2,  3),avg_A(3,  3),avg_A(4,  3),avg_A(5,  3),avg_A(6,  3),avg_A(7,  3),avg_A(8,  3),avg_A(9,  3) /  0.00000000E+00, -0.11778563E-02,  0.63492066E+00,  0.14140000E+02,       3,  0.84451222E+00,  0.17854460E+02, -0.52858644E+01,  0.37118127E+01, -0.44974585E+01,  0.15336411E+01,  0.15879434E+00, -0.22265182E+02, -0.25789911E+00,  0.31614256E+01 /
       data x(  4),y(  4),z(  4),h(  4),avg_LNEXT(  4),avg_RSQ(  4),avg_A(1,  4),avg_A(2,  4),avg_A(3,  4),avg_A(4,  4),avg_A(5,  4),avg_A(6,  4),avg_A(7,  4),avg_A(8,  4),avg_A(9,  4) /  0.00000000E+00, -0.11778563E-02,  0.10000000E+01,  0.15380000E+02,       4,  0.12373472E+01,  0.11462657E+02, -0.13826197E+01,  0.48986664E+01, -0.41899409E+01, -0.17882441E+00, -0.75411135E+00, -0.24363729E+02, -0.76226449E+00,  0.30296297E+01 /
       data x(  5),y(  5),z(  5),h(  5),avg_LNEXT(  5),avg_RSQ(  5),avg_A(1,  5),avg_A(2,  5),avg_A(3,  5),avg_A(4,  5),avg_A(5,  5),avg_A(6,  5),avg_A(7,  5),avg_A(8,  5),avg_A(9,  5) /  0.00000000E+00,  0.35217902E+00,  0.00000000E+00,  0.14470000E+02,       6,  0.78669286E+00,  0.13697841E+02, -0.19729563E+01,  0.16569340E+01,  0.56540217E+01,  0.15106612E+01,  0.12515098E+02, -0.23428877E+02,  0.70432818E+00, -0.80972538E+01 /
       data x(  6),y(  6),z(  6),h(  6),avg_LNEXT(  6),avg_RSQ(  6),avg_A(1,  6),avg_A(2,  6),avg_A(3,  6),avg_A(4,  6),avg_A(5,  6),avg_A(6,  6),avg_A(7,  6),avg_A(8,  6),avg_A(9,  6) /  0.00000000E+00,  0.35217902E+00,  0.31746033E+00,  0.13120000E+02,      10,  0.53200203E+00,  0.11499159E+02, -0.27204514E+01,  0.32021842E+01,  0.34273375E-01,  0.27908297E+01,  0.12497416E+02, -0.21198622E+02,  0.11926894E+01,  0.21920778E+00 /
       data x(  7),y(  7),z(  7),h(  7),avg_LNEXT(  7),avg_RSQ(  7),avg_A(1,  7),avg_A(2,  7),avg_A(3,  7),avg_A(4,  7),avg_A(5,  7),avg_A(6,  7),avg_A(7,  7),avg_A(8,  7),avg_A(9,  7) /  0.00000000E+00,  0.35217902E+00,  0.63492066E+00,  0.14610000E+02,      14,  0.51317126E+00,  0.13303061E+02, -0.21917813E+01,  0.29751010E+01, -0.55437131E+01,  0.28753188E+01, -0.20738082E+01, -0.23627941E+02,  0.22452404E+01,  0.39246631E+01 /
       data x(  8),y(  8),z(  8),h(  8),avg_LNEXT(  8),avg_RSQ(  8),avg_A(1,  8),avg_A(2,  8),avg_A(3,  8),avg_A(4,  8),avg_A(5,  8),avg_A(6,  8),avg_A(7,  8),avg_A(8,  8),avg_A(9,  8) /  0.00000000E+00,  0.35217902E+00,  0.10000000E+01,  0.15730000E+02,       9,  0.82161343E+00,  0.12229969E+02, -0.34722206E+00,  0.46323485E+01, -0.42280602E+01,  0.19560432E+01, -0.18416166E+01, -0.25292551E+02,  0.28225918E+01,  0.24706647E+01 /
       data x(  9),y(  9),z(  9),h(  9),avg_LNEXT(  9),avg_RSQ(  9),avg_A(1,  9),avg_A(2,  9),avg_A(3,  9),avg_A(4,  9),avg_A(5,  9),avg_A(6,  9),avg_A(7,  9),avg_A(8,  9),avg_A(9,  9) /  0.00000000E+00,  0.58775026E+00,  0.10000000E+01,  0.16600000E+02,      11,  0.69976896E+00,  0.88676748E+01,  0.80832314E+00,  0.28483136E+01, -0.40651746E+01,  0.32725666E+01, -0.22151330E+01, -0.24165545E+02,  0.44836898E+01,  0.29520183E+01 /
       data x( 10),y( 10),z( 10),h( 10),avg_LNEXT( 10),avg_RSQ( 10),avg_A(1, 10),avg_A(2, 10),avg_A(3, 10),avg_A(4, 10),avg_A(5, 10),avg_A(6, 10),avg_A(7, 10),avg_A(8, 10),avg_A(9, 10) /  0.44444446E-01,  0.35217902E+00,  0.00000000E+00,  0.13450000E+02,      12,  0.72368050E+00,  0.14008814E+02, -0.28960595E+01,  0.18814336E+01,  0.54555287E+01,  0.16545562E+01,  0.12309751E+02, -0.22129663E+02,  0.62005842E+00, -0.77764182E+01 /
       data x( 11),y( 11),z( 11),h( 11),avg_LNEXT( 11),avg_RSQ( 11),avg_A(1, 11),avg_A(2, 11),avg_A(3, 11),avg_A(4, 11),avg_A(5, 11),avg_A(6, 11),avg_A(7, 11),avg_A(8, 11),avg_A(9, 11) /  0.44444446E-01,  0.35217902E+00,  0.10000000E+01,  0.14620000E+02,      15,  0.75943255E+00,  0.13482914E+02, -0.22158182E+01,  0.49612694E+01, -0.38760622E+01,  0.20099154E+01, -0.17930853E+01, -0.24090700E+02,  0.28112087E+01,  0.22787242E+01 /
       data x( 12),y( 12),z( 12),h( 12),avg_LNEXT( 12),avg_RSQ( 12),avg_A(1, 12),avg_A(2, 12),avg_A(3, 12),avg_A(4, 12),avg_A(5, 12),avg_A(6, 12),avg_A(7, 12),avg_A(8, 12),avg_A(9, 12) /  0.44444446E-01,  0.58775026E+00,  0.00000000E+00,  0.13670000E+02,      13,  0.61943668E+00,  0.12081411E+02, -0.16179136E+01,  0.19147573E+01,  0.50145783E+01,  0.31599369E+01,  0.12847932E+02, -0.22238253E+02,  0.13635350E+01, -0.73158212E+01 /
       data x( 13),y( 13),z( 13),h( 13),avg_LNEXT( 13),avg_RSQ( 13),avg_A(1, 13),avg_A(2, 13),avg_A(3, 13),avg_A(4, 13),avg_A(5, 13),avg_A(6, 13),avg_A(7, 13),avg_A(8, 13),avg_A(9, 13) /  0.44444446E-01,  0.58775026E+00,  0.31746033E+00,  0.12620000E+02,      16,  0.49455196E+00,  0.11288911E+02, -0.11738598E+01,  0.32481520E+01, -0.65035295E+00,  0.31193788E+01,  0.11906386E+02, -0.20598368E+02,  0.24524603E+01,  0.91578108E+00 /
       data x( 14),y( 14),z( 14),h( 14),avg_LNEXT( 14),avg_RSQ( 14),avg_A(1, 14),avg_A(2, 14),avg_A(3, 14),avg_A(4, 14),avg_A(5, 14),avg_A(6, 14),avg_A(7, 14),avg_A(8, 14),avg_A(9, 14) /  0.44444446E-01,  0.58775026E+00,  0.63492066E+00,  0.14260000E+02,      18,  0.46299222E+00,  0.11606473E+02, -0.22247987E+01,  0.37189057E+01, -0.52035136E+01,  0.31097434E+01, -0.20675888E+01, -0.22655193E+02,  0.37382753E+01,  0.43779325E+01 /
       data x( 15),y( 15),z( 15),h( 15),avg_LNEXT( 15),avg_RSQ( 15),avg_A(1, 15),avg_A(2, 15),avg_A(3, 15),avg_A(4, 15),avg_A(5, 15),avg_A(6, 15),avg_A(7, 15),avg_A(8, 15),avg_A(9, 15) /  0.44444446E-01,  0.58775026E+00,  0.10000000E+01,  0.15530000E+02,      19,  0.63858575E+00,  0.84010916E+01,  0.17009836E+01,  0.18778572E+01, -0.38374403E+01,  0.31533227E+01, -0.22571168E+01, -0.23093699E+02,  0.42426739E+01,  0.27229099E+01 /
       data x( 16),y( 16),z( 16),h( 16),avg_LNEXT( 16),avg_RSQ( 16),avg_A(1, 16),avg_A(2, 16),avg_A(3, 16),avg_A(4, 16),avg_A(5, 16),avg_A(6, 16),avg_A(7, 16),avg_A(8, 16),avg_A(9, 16) /  0.88888891E-01,  0.35217902E+00,  0.00000000E+00,  0.12500000E+02,      17,  0.67624104E+00,  0.12703927E+02, -0.19175898E+01,  0.17287527E+01,  0.53796048E+01,  0.18029428E+01,  0.12034797E+02, -0.20862926E+02,  0.50501710E+00, -0.74460921E+01 /
       data x( 17),y( 17),z( 17),h( 17),avg_LNEXT( 17),avg_RSQ( 17),avg_A(1, 17),avg_A(2, 17),avg_A(3, 17),avg_A(4, 17),avg_A(5, 17),avg_A(6, 17),avg_A(7, 17),avg_A(8, 17),avg_A(9, 17) /  0.88888891E-01,  0.35217902E+00,  0.31746033E+00,  0.11330000E+02,      20,  0.52113783E+00,  0.12641187E+02, -0.34352524E+01,  0.33752103E+01, -0.29202674E-02,  0.28717504E+01,  0.12128676E+02, -0.19082556E+02,  0.90519708E+00,  0.18278088E+00 /
       data x( 18),y( 18),z( 18),h( 18),avg_LNEXT( 18),avg_RSQ( 18),avg_A(1, 18),avg_A(2, 18),avg_A(3, 18),avg_A(4, 18),avg_A(5, 18),avg_A(6, 18),avg_A(7, 18),avg_A(8, 18),avg_A(9, 18) /  0.88888891E-01,  0.35217902E+00,  0.63492066E+00,  0.12610000E+02,      28,  0.47261772E+00,  0.13982114E+02, -0.33648746E+01,  0.31017148E+01, -0.56606483E+01,  0.32042036E+01, -0.20342169E+01, -0.21197067E+02,  0.20351810E+01,  0.34052176E+01 /
       data x( 19),y( 19),z( 19),h( 19),avg_LNEXT( 19),avg_RSQ( 19),avg_A(1, 19),avg_A(2, 19),avg_A(3, 19),avg_A(4, 19),avg_A(5, 19),avg_A(6, 19),avg_A(7, 19),avg_A(8, 19),avg_A(9, 19) /  0.88888891E-01,  0.35217902E+00,  0.10000000E+01,  0.13580000E+02,      21,  0.71255141E+00,  0.12766811E+02, -0.22853820E+01,  0.50458083E+01, -0.39590318E+01,  0.21992915E+01, -0.17470881E+01, -0.22816189E+02,  0.27193422E+01,  0.21047630E+01 /
       data x( 20),y( 20),z( 20),h( 20),avg_LNEXT( 20),avg_RSQ( 20),avg_A(1, 20),avg_A(2, 20),avg_A(3, 20),avg_A(4, 20),avg_A(5, 20),avg_A(6, 20),avg_A(7, 20),avg_A(8, 20),avg_A(9, 20) /  0.88888891E-01,  0.58775026E+00,  0.00000000E+00,  0.12700000E+02,      22,  0.57344908E+00,  0.12024815E+02, -0.17270851E+01,  0.19117852E+01,  0.46856208E+01,  0.33189216E+01,  0.13023241E+02, -0.21088850E+02,  0.12689749E+01, -0.71170979E+01 /
       data x( 21),y( 21),z( 21),h( 21),avg_LNEXT( 21),avg_RSQ( 21),avg_A(1, 21),avg_A(2, 21),avg_A(3, 21),avg_A(4, 21),avg_A(5, 21),avg_A(6, 21),avg_A(7, 21),avg_A(8, 21),avg_A(9, 21) /  0.88888891E-01,  0.58775026E+00,  0.10000000E+01,  0.14570000E+02,      23,  0.60920113E+00,  0.58272247E+01,  0.40698013E+01,  0.19921434E+01, -0.59016604E+01,  0.45196323E+01, -0.15909642E+01, -0.22445688E+02,  0.46023707E+01,  0.29872041E+01 /
       data x( 22),y( 22),z( 22),h( 22),avg_LNEXT( 22),avg_RSQ( 22),avg_A(1, 22),avg_A(2, 22),avg_A(3, 22),avg_A(4, 22),avg_A(5, 22),avg_A(6, 22),avg_A(7, 22),avg_A(8, 22),avg_A(9, 22) /  0.13333334E+00,  0.35217902E+00,  0.00000000E+00,  0.11600000E+02,      24,  0.63907278E+00,  0.12240234E+02, -0.17125660E+01,  0.17192190E+01,  0.52935452E+01,  0.19276081E+01,  0.11637826E+02, -0.19734411E+02,  0.42825601E+00, -0.70869503E+01 /
       data x( 23),y( 23),z( 23),h( 23),avg_LNEXT( 23),avg_RSQ( 23),avg_A(1, 23),avg_A(2, 23),avg_A(3, 23),avg_A(4, 23),avg_A(5, 23),avg_A(6, 23),avg_A(7, 23),avg_A(8, 23),avg_A(9, 23) /  0.13333334E+00,  0.35217902E+00,  0.10000000E+01,  0.12600000E+02,      25,  0.67995876E+00,  0.11641887E+02, -0.19970018E+01,  0.50365024E+01, -0.41058044E+01,  0.23931403E+01, -0.16150980E+01, -0.21694569E+02,  0.26426079E+01,  0.19567477E+01 /
       data x( 24),y( 24),z( 24),h( 24),avg_LNEXT( 24),avg_RSQ( 24),avg_A(1, 24),avg_A(2, 24),avg_A(3, 24),avg_A(4, 24),avg_A(5, 24),avg_A(6, 24),avg_A(7, 24),avg_A(8, 24),avg_A(9, 24) /  0.13333334E+00,  0.58775026E+00,  0.00000000E+00,  0.11790000E+02,      26,  0.52403539E+00,  0.11554482E+02, -0.16912495E+01,  0.18169689E+01,  0.45042095E+01,  0.34186468E+01,  0.11380979E+02, -0.19951454E+02,  0.11718332E+01, -0.63697190E+01 /
       data x( 25),y( 25),z( 25),h( 25),avg_LNEXT( 25),avg_RSQ( 25),avg_A(1, 25),avg_A(2, 25),avg_A(3, 25),avg_A(4, 25),avg_A(5, 25),avg_A(6, 25),avg_A(7, 25),avg_A(8, 25),avg_A(9, 25) /  0.13333334E+00,  0.58775026E+00,  0.10000000E+01,  0.13550000E+02,      30,  0.57566243E+00,  0.87223186E+01,  0.77295589E+00,  0.30752196E+01, -0.55278373E+01,  0.41903968E+01, -0.18196203E+01, -0.22167450E+02,  0.48412628E+01,  0.26243584E+01 /
       data x( 26),y( 26),z( 26),h( 26),avg_LNEXT( 26),avg_RSQ( 26),avg_A(1, 26),avg_A(2, 26),avg_A(3, 26),avg_A(4, 26),avg_A(5, 26),avg_A(6, 26),avg_A(7, 26),avg_A(8, 26),avg_A(9, 26) /  0.17777778E+00,  0.35217902E+00,  0.00000000E+00,  0.10750000E+02,      27,  0.63255429E+00,  0.11730474E+02, -0.14417342E+01,  0.16766074E+01,  0.51566586E+01,  0.20734961E+01,  0.10854390E+02, -0.18673443E+02,  0.37492129E+00, -0.66193342E+01 /
       data x( 27),y( 27),z( 27),h( 27),avg_LNEXT( 27),avg_RSQ( 27),avg_A(1, 27),avg_A(2, 27),avg_A(3, 27),avg_A(4, 27),avg_A(5, 27),avg_A(6, 27),avg_A(7, 27),avg_A(8, 27),avg_A(9, 27) /  0.17777778E+00,  0.35217902E+00,  0.31746033E+00,  0.97399998E+01,      29,  0.51461929E+00,  0.12572274E+02, -0.37091804E+01,  0.35575254E+01, -0.11046747E+00,  0.27793324E+01,  0.11579880E+02, -0.16845888E+02,  0.57429391E+00,  0.13319544E+00 /
       data x( 28),y( 28),z( 28),h( 28),avg_LNEXT( 28),avg_RSQ( 28),avg_A(1, 28),avg_A(2, 28),avg_A(3, 28),avg_A(4, 28),avg_A(5, 28),avg_A(6, 28),avg_A(7, 28),avg_A(8, 28),avg_A(9, 28) /  0.17777778E+00,  0.35217902E+00,  0.63492066E+00,  0.10840000E+02,      33,  0.45479161E+00,  0.12719316E+02, -0.31274850E+01,  0.31518688E+01, -0.58012047E+01,  0.34071782E+01, -0.19810051E+01, -0.18835693E+02,  0.17785444E+01,  0.28749886E+01 /
       data x( 29),y( 29),z( 29),h( 29),avg_LNEXT( 29),avg_RSQ( 29),avg_A(1, 29),avg_A(2, 29),avg_A(3, 29),avg_A(4, 29),avg_A(5, 29),avg_A(6, 29),avg_A(7, 29),avg_A(8, 29),avg_A(9, 29) /  0.17777778E+00,  0.58775026E+00,  0.00000000E+00,  0.10930000E+02,      31,  0.52714455E+00,  0.11242349E+02, -0.18401684E+01,  0.17921755E+01,  0.42904253E+01,  0.35311780E+01,  0.99726152E+01, -0.18879139E+02,  0.10789655E+01, -0.57121019E+01 /
       data x( 30),y( 30),z( 30),h( 30),avg_LNEXT( 30),avg_RSQ( 30),avg_A(1, 30),avg_A(2, 30),avg_A(3, 30),avg_A(4, 30),avg_A(5, 30),avg_A(6, 30),avg_A(7, 30),avg_A(8, 30),avg_A(9, 30) /  0.17777778E+00,  0.58775026E+00,  0.10000000E+01,  0.12550000E+02,      34,  0.57348961E+00,  0.11163018E+02, -0.31203892E+01,  0.47988911E+01, -0.50140634E+01,  0.39207935E+01, -0.16072938E+01, -0.21376150E+02,  0.48936157E+01,  0.24692163E+01 /
       data x( 31),y( 31),z( 31),h( 31),avg_LNEXT( 31),avg_RSQ( 31),avg_A(1, 31),avg_A(2, 31),avg_A(3, 31),avg_A(4, 31),avg_A(5, 31),avg_A(6, 31),avg_A(7, 31),avg_A(8, 31),avg_A(9, 31) /  0.22222222E+00,  0.58775026E+00,  0.00000000E+00,  0.10120000E+02,      32,  0.52403539E+00,  0.10862858E+02, -0.18898610E+01,  0.17310922E+01,  0.41004519E+01,  0.36259077E+01,  0.97468472E+01, -0.17848820E+02,  0.97650272E+00, -0.54482589E+01 /
       data x( 32),y( 32),z( 32),h( 32),avg_LNEXT( 32),avg_RSQ( 32),avg_A(1, 32),avg_A(2, 32),avg_A(3, 32),avg_A(4, 32),avg_A(5, 32),avg_A(6, 32),avg_A(7, 32),avg_A(8, 32),avg_A(9, 32) /  0.22222222E+00,  0.58775026E+00,  0.31746033E+00,  0.93400002E+01,      32,  0.36247993E+00,  0.11490044E+02, -0.34797337E+01,  0.37887936E+01,  0.32625377E-01,  0.33019338E+01,  0.10050734E+02, -0.16512768E+02,  0.21957972E+01,  0.64142758E+00 /
       data x( 33),y( 33),z( 33),h( 33),avg_LNEXT( 33),avg_RSQ( 33),avg_A(1, 33),avg_A(2, 33),avg_A(3, 33),avg_A(4, 33),avg_A(5, 33),avg_A(6, 33),avg_A(7, 33),avg_A(8, 33),avg_A(9, 33) /  0.22222222E+00,  0.58775026E+00,  0.63492066E+00,  0.10590000E+02,      33,  0.37384298E+00,  0.12182850E+02, -0.50990992E+01,  0.45222874E+01, -0.56753235E+01,  0.33590336E+01, -0.16690354E+01, -0.18494175E+02,  0.32567964E+01,  0.34255841E+01 /
       data x( 34),y( 34),z( 34),h( 34),avg_LNEXT( 34),avg_RSQ( 34),avg_A(1, 34),avg_A(2, 34),avg_A(3, 34),avg_A(4, 34),avg_A(5, 34),avg_A(6, 34),avg_A(7, 34),avg_A(8, 34),avg_A(9, 34) /  0.22222222E+00,  0.58775026E+00,  0.10000000E+01,  0.11620000E+02,      34,  0.54721189E+00,  0.11745385E+02, -0.50764356E+01,  0.57663107E+01, -0.48405266E+01,  0.39480841E+01, -0.15144820E+01, -0.20292164E+02,  0.47252626E+01,  0.23067646E+01 /
       data x( 35),y( 35),z( 35),h( 35),avg_LNEXT( 35),avg_RSQ( 35),avg_A(1, 35),avg_A(2, 35),avg_A(3, 35),avg_A(4, 35),avg_A(5, 35),avg_A(6, 35),avg_A(7, 35),avg_A(8, 35),avg_A(9, 35) /  0.22222222E+00,  0.76442868E+00,  0.00000000E+00,  0.10350000E+02,      36,  0.56565893E+00,  0.10217013E+02, -0.15474128E+01,  0.15147771E+01,  0.39574232E+01,  0.42443347E+01,  0.99466305E+01, -0.18119299E+02,  0.14981494E+01, -0.47875729E+01 /
       data x( 36),y( 36),z( 36),h( 36),avg_LNEXT( 36),avg_RSQ( 36),avg_A(1, 36),avg_A(2, 36),avg_A(3, 36),avg_A(4, 36),avg_A(5, 36),avg_A(6, 36),avg_A(7, 36),avg_A(8, 36),avg_A(9, 36) /  0.22222222E+00,  0.76442868E+00,  0.31746033E+00,  0.98500004E+01,      36,  0.34340397E+00,  0.10357582E+02, -0.24049199E+01,  0.26845810E+01,  0.10853165E+00,  0.46502633E+01,  0.93604097E+01, -0.17102430E+02,  0.31975253E+01,  0.14013870E+01 /
       data x( 37),y( 37),z( 37),h( 37),avg_LNEXT( 37),avg_RSQ( 37),avg_A(1, 37),avg_A(2, 37),avg_A(3, 37),avg_A(4, 37),avg_A(5, 37),avg_A(6, 37),avg_A(7, 37),avg_A(8, 37),avg_A(9, 37) /  0.22222222E+00,  0.76442868E+00,  0.63492066E+00,  0.11320000E+02,      37,  0.35476702E+00,  0.12003198E+02, -0.69074497E+01,  0.51177478E+01, -0.54627180E+01,  0.42606339E+01, -0.13158126E+01, -0.19669699E+02,  0.50441208E+01,  0.41621981E+01 /
       data x( 38),y( 38),z( 38),h( 38),avg_LNEXT( 38),avg_RSQ( 38),avg_A(1, 38),avg_A(2, 38),avg_A(3, 38),avg_A(4, 38),avg_A(5, 38),avg_A(6, 38),avg_A(7, 38),avg_A(8, 38),avg_A(9, 38) /  0.33333334E+00,  0.58775026E+00,  0.00000000E+00,  0.83000002E+01,      39,  0.53109717E+00,  0.93719683E+01, -0.10812243E+01,  0.12955720E+01,  0.39492114E+01,  0.37797401E+01,  0.80512342E+01, -0.15570759E+02,  0.81204849E+00, -0.44976549E+01 /
       data x( 39),y( 39),z( 39),h( 39),avg_LNEXT( 39),avg_RSQ( 39),avg_A(1, 39),avg_A(2, 39),avg_A(3, 39),avg_A(4, 39),avg_A(5, 39),avg_A(6, 39),avg_A(7, 39),avg_A(8, 39),avg_A(9, 39) /  0.33333334E+00,  0.58775026E+00,  0.31746033E+00,  0.76599998E+01,      45,  0.29412460E+00,  0.10686225E+02, -0.44483695E+01,  0.39617472E+01,  0.15711750E+01,  0.44138293E+01,  0.83689203E+01, -0.14018756E+02,  0.16955692E+01,  0.63054872E+00 /
       data x( 40),y( 40),z( 40),h( 40),avg_LNEXT( 40),avg_RSQ( 40),avg_A(1, 40),avg_A(2, 40),avg_A(3, 40),avg_A(4, 40),avg_A(5, 40),avg_A(6, 40),avg_A(7, 40),avg_A(8, 40),avg_A(9, 40) /  0.33333334E+00,  0.58775026E+00,  0.63492066E+00,  0.86899996E+01,      47,  0.30317026E+00,  0.11881598E+02, -0.65058136E+01,  0.47346721E+01, -0.54432449E+01,  0.37435067E+01, -0.13592424E+01, -0.15807448E+02,  0.25266557E+01,  0.28339732E+01 /
       data x( 41),y( 41),z( 41),h( 41),avg_LNEXT( 41),avg_RSQ( 41),avg_A(1, 41),avg_A(2, 41),avg_A(3, 41),avg_A(4, 41),avg_A(5, 41),avg_A(6, 41),avg_A(7, 41),avg_A(8, 41),avg_A(9, 41) /  0.33333334E+00,  0.58775026E+00,  0.10000000E+01,  0.95200005E+01,      48,  0.52322567E+00,  0.12668221E+02, -0.86639061E+01,  0.74565969E+01, -0.49680367E+01,  0.46486683E+01, -0.12241068E+01, -0.17460674E+02,  0.39299388E+01,  0.18895957E+01 /
       data x( 42),y( 42),z( 42),h( 42),avg_LNEXT( 42),avg_RSQ( 42),avg_A(1, 42),avg_A(2, 42),avg_A(3, 42),avg_A(4, 42),avg_A(5, 42),avg_A(6, 42),avg_A(7, 42),avg_A(8, 42),avg_A(9, 42) /  0.33333334E+00,  0.76442868E+00,  0.31746033E+00,  0.80900002E+01,      49,  0.32814312E+00,  0.99893885E+01, -0.36156914E+01,  0.13682686E+01,  0.20884740E+00,  0.47801118E+01,  0.81160746E+01, -0.14788169E+02,  0.26380382E+01,  0.14180837E+01 /
       data x( 43),y( 43),z( 43),h( 43),avg_LNEXT( 43),avg_RSQ( 43),avg_A(1, 43),avg_A(2, 43),avg_A(3, 43),avg_A(4, 43),avg_A(5, 43),avg_A(6, 43),avg_A(7, 43),avg_A(8, 43),avg_A(9, 43) /  0.33333334E+00,  0.76442868E+00,  0.63492066E+00,  0.92799997E+01,      55,  0.32814312E+00,  0.11945815E+02, -0.68862453E+01,  0.45538278E+01, -0.58474269E+01,  0.39487185E+01, -0.94871390E+00, -0.17017847E+02,  0.41616559E+01,  0.35707092E+01 /
       data x( 44),y( 44),z( 44),h( 44),avg_LNEXT( 44),avg_RSQ( 44),avg_A(1, 44),avg_A(2, 44),avg_A(3, 44),avg_A(4, 44),avg_A(5, 44),avg_A(6, 44),avg_A(7, 44),avg_A(8, 44),avg_A(9, 44) /  0.33333334E+00,  0.76442868E+00,  0.10000000E+01,  0.10490000E+02,      50,  0.50137818E+00,  0.66461735E+01,  0.31534052E+00, -0.11130668E+01, -0.10451063E+01,  0.41070005E+00, -0.17529513E-06, -0.18000116E+02,  0.47409048E+01,  0.28551152E+01 /
       data x( 45),y( 45),z( 45),h( 45),avg_LNEXT( 45),avg_RSQ( 45),avg_A(1, 45),avg_A(2, 45),avg_A(3, 45),avg_A(4, 45),avg_A(5, 45),avg_A(6, 45),avg_A(7, 45),avg_A(8, 45),avg_A(9, 45) /  0.44444445E+00,  0.58775026E+00,  0.00000000E+00,  0.66799998E+01,      46,  0.53209442E+00,  0.91737518E+01, -0.16438640E+01,  0.16818675E+01,  0.42997875E+01,  0.34332128E+01,  0.65601530E+01, -0.13540515E+02,  0.66697431E+00, -0.35351617E+01 /
       data x( 46),y( 46),z( 46),h( 46),avg_LNEXT( 46),avg_RSQ( 46),avg_A(1, 46),avg_A(2, 46),avg_A(3, 46),avg_A(4, 46),avg_A(5, 46),avg_A(6, 46),avg_A(7, 46),avg_A(8, 46),avg_A(9, 46) /  0.44444445E+00,  0.58775026E+00,  0.31746033E+00,  0.62399998E+01,      52,  0.28685915E+00,  0.97749033E+01, -0.46695657E+01,  0.40555129E+01,  0.11792436E+01,  0.25816123E+01,  0.69208636E+01, -0.11818950E+02,  0.11695997E+01,  0.77875686E+00 /
       data x( 47),y( 47),z( 47),h( 47),avg_LNEXT( 47),avg_RSQ( 47),avg_A(1, 47),avg_A(2, 47),avg_A(3, 47),avg_A(4, 47),avg_A(5, 47),avg_A(6, 47),avg_A(7, 47),avg_A(8, 47),avg_A(9, 47) /  0.44444445E+00,  0.58775026E+00,  0.63492066E+00,  0.70799999E+01,      47,  0.31096408E+00,  0.11023026E+02, -0.63918409E+01,  0.49657888E+01, -0.54681044E+01,  0.37571561E+01, -0.11238860E+01, -0.13293921E+02,  0.18163391E+01,  0.22503989E+01 /
       data x( 48),y( 48),z( 48),h( 48),avg_LNEXT( 48),avg_RSQ( 48),avg_A(1, 48),avg_A(2, 48),avg_A(3, 48),avg_A(4, 48),avg_A(5, 48),avg_A(6, 48),avg_A(7, 48),avg_A(8, 48),avg_A(9, 48) /  0.44444445E+00,  0.58775026E+00,  0.10000000E+01,  0.77500000E+01,      48,  0.45577830E+00,  0.67499127E+01,  0.70697045E+00,  0.33653483E+00, -0.42026430E+00,  0.14555648E+00,  0.20879578E-06, -0.15863392E+02,  0.45329547E+01,  0.22615242E+01 /
       data x( 49),y( 49),z( 49),h( 49),avg_LNEXT( 49),avg_RSQ( 49),avg_A(1, 49),avg_A(2, 49),avg_A(3, 49),avg_A(4, 49),avg_A(5, 49),avg_A(6, 49),avg_A(7, 49),avg_A(8, 49),avg_A(9, 49) /  0.44444445E+00,  0.76442868E+00,  0.00000000E+00,  0.68600001E+01,      53,  0.49775767E+00,  0.87561636E+01, -0.13519616E+01,  0.13281065E+01,  0.40402021E+01,  0.35236251E+01,  0.62361193E+01, -0.13842089E+02,  0.12252903E+01, -0.28224442E+01 /
       data x( 50),y( 50),z( 50),h( 50),avg_LNEXT( 50),avg_RSQ( 50),avg_A(1, 50),avg_A(2, 50),avg_A(3, 50),avg_A(4, 50),avg_A(5, 50),avg_A(6, 50),avg_A(7, 50),avg_A(8, 50),avg_A(9, 50) /  0.44444445E+00,  0.76442868E+00,  0.10000000E+01,  0.85400000E+01,      51,  0.47261772E+00,  0.81983624E+01, -0.86896694E+00, -0.59797084E+00, -0.11391665E+01,  0.19375883E+00,  0.16646020E-06, -0.15977744E+02,  0.44517212E+01,  0.23503952E+01 /
       data x( 51),y( 51),z( 51),h( 51),avg_LNEXT( 51),avg_RSQ( 51),avg_A(1, 51),avg_A(2, 51),avg_A(3, 51),avg_A(4, 51),avg_A(5, 51),avg_A(6, 51),avg_A(7, 51),avg_A(8, 51),avg_A(9, 51) /  0.44444445E+00,  0.88221431E+00,  0.10000000E+01,  0.90699997E+01,      56,  0.53386462E+00,  0.61468258E+01, -0.43058541E+00, -0.45611978E+00, -0.94218671E+00, -0.13150741E+00,  0.14386792E-06, -0.15861322E+02,  0.41032543E+01,  0.22795925E+01 /
       data x( 52),y( 52),z( 52),h( 52),avg_LNEXT( 52),avg_RSQ( 52),avg_A(1, 52),avg_A(2, 52),avg_A(3, 52),avg_A(4, 52),avg_A(5, 52),avg_A(6, 52),avg_A(7, 52),avg_A(8, 52),avg_A(9, 52) /  0.55555558E+00,  0.58775026E+00,  0.00000000E+00,  0.52900000E+01,      52,  0.53209442E+00,  0.89906387E+01, -0.20439281E+01,  0.18508198E+01,  0.42511926E+01,  0.31894901E+01,  0.64752669E+01, -0.11536546E+02,  0.43294868E+00, -0.30133905E+01 /
       data x( 53),y( 53),z( 53),h( 53),avg_LNEXT( 53),avg_RSQ( 53),avg_A(1, 53),avg_A(2, 53),avg_A(3, 53),avg_A(4, 53),avg_A(5, 53),avg_A(6, 53),avg_A(7, 53),avg_A(8, 53),avg_A(9, 53) /  0.55555558E+00,  0.76442868E+00,  0.00000000E+00,  0.54299998E+01,      54,  0.52645093E+00,  0.86500435E+01, -0.18905574E+01,  0.15310788E+01,  0.40629673E+01,  0.29716759E+01,  0.45726047E+01, -0.11941064E+02,  0.10686677E+01, -0.18479793E+01 /
       data x( 54),y( 54),z( 54),h( 54),avg_LNEXT( 54),avg_RSQ( 54),avg_A(1, 54),avg_A(2, 54),avg_A(3, 54),avg_A(4, 54),avg_A(5, 54),avg_A(6, 54),avg_A(7, 54),avg_A(8, 54),avg_A(9, 54) /  0.55555558E+00,  0.76442868E+00,  0.31746033E+00,  0.53200002E+01,      57,  0.38475153E+00,  0.87165985E+01, -0.44763021E+01,  0.27686527E+01, -0.12821722E+01,  0.31243193E+01,  0.42968092E+01, -0.10628614E+02,  0.19832859E+01,  0.10402575E+01 /
       data x( 55),y( 55),z( 55),h( 55),avg_LNEXT( 55),avg_RSQ( 55),avg_A(1, 55),avg_A(2, 55),avg_A(3, 55),avg_A(4, 55),avg_A(5, 55),avg_A(6, 55),avg_A(7, 55),avg_A(8, 55),avg_A(9, 55) /  0.55555558E+00,  0.76442868E+00,  0.63492066E+00,  0.60999999E+01,      55,  0.32169485E+00,  0.99033442E+01, -0.60782671E+01,  0.51559219E+01, -0.45062380E+01,  0.21791909E+01, -0.61145133E+00, -0.12145814E+02,  0.30092225E+01,  0.23232825E+01 /
       data x( 56),y( 56),z( 56),h( 56),avg_LNEXT( 56),avg_RSQ( 56),avg_A(1, 56),avg_A(2, 56),avg_A(3, 56),avg_A(4, 56),avg_A(5, 56),avg_A(6, 56),avg_A(7, 56),avg_A(8, 56),avg_A(9, 56) /  0.55555558E+00,  0.76442868E+00,  0.10000000E+01,  0.68899999E+01,      58,  0.51244646E+00,  0.10634515E+02, -0.62550397E+01, -0.11142839E+00, -0.41450849E+01,  0.26223891E+01, -0.68644321E+00, -0.13707881E+02,  0.37632642E+01,  0.18317068E+01 /
       data x( 57),y( 57),z( 57),h( 57),avg_LNEXT( 57),avg_RSQ( 57),avg_A(1, 57),avg_A(2, 57),avg_A(3, 57),avg_A(4, 57),avg_A(5, 57),avg_A(6, 57),avg_A(7, 57),avg_A(8, 57),avg_A(9, 57) /  0.55555558E+00,  0.88221431E+00,  0.00000000E+00,  0.55799999E+01,      57,  0.57687795E+00,  0.85444221E+01, -0.20291619E+01,  0.16047932E+01,  0.39977803E+01,  0.27749362E+01,  0.37437797E+01, -0.12197500E+02,  0.14544919E+01, -0.12430196E+01 /
       data x( 58),y( 58),z( 58),h( 58),avg_LNEXT( 58),avg_RSQ( 58),avg_A(1, 58),avg_A(2, 58),avg_A(3, 58),avg_A(4, 58),avg_A(5, 58),avg_A(6, 58),avg_A(7, 58),avg_A(8, 58),avg_A(9, 58) /  0.55555558E+00,  0.88221431E+00,  0.10000000E+01,  0.73299999E+01,      58,  0.54858673E+00,  0.10505400E+02, -0.60236483E+01, -0.24283805E+00, -0.40965061E+01,  0.57787555E+00, -0.48097110E+00, -0.14444957E+02,  0.36855443E+01,  0.20156720E+01 /
       data x( 59),y( 59),z( 59),h( 59),avg_LNEXT( 59),avg_RSQ( 59),avg_A(1, 59),avg_A(2, 59),avg_A(3, 59),avg_A(4, 59),avg_A(5, 59),avg_A(6, 59),avg_A(7, 59),avg_A(8, 59),avg_A(9, 59) /  0.66666669E+00,  0.76442868E+00,  0.00000000E+00,  0.42100000E+01,      60,  0.57107252E+00,  0.84098158E+01, -0.21922617E+01,  0.15385785E+01,  0.39178002E+01,  0.27290111E+01,  0.30730817E+01, -0.10071358E+02,  0.82549661E+00, -0.89548475E+00 /
       data x( 60),y( 60),z( 60),h( 60),avg_LNEXT( 60),avg_RSQ( 60),avg_A(1, 60),avg_A(2, 60),avg_A(3, 60),avg_A(4, 60),avg_A(5, 60),avg_A(6, 60),avg_A(7, 60),avg_A(8, 60),avg_A(9, 60) /  0.66666669E+00,  0.76442868E+00,  0.31746033E+00,  0.42600002E+01,      63,  0.51240587E+00,  0.82551003E+01, -0.47772307E+01,  0.33341184E+01, -0.19503276E+01,  0.30994034E+01,  0.35436342E+01, -0.87932558E+01,  0.13931615E+01,  0.83668929E+00 /
       data x( 61),y( 61),z( 61),h( 61),avg_LNEXT( 61),avg_RSQ( 61),avg_A(1, 61),avg_A(2, 61),avg_A(3, 61),avg_A(4, 61),avg_A(5, 61),avg_A(6, 61),avg_A(7, 61),avg_A(8, 61),avg_A(9, 61) /  0.66666669E+00,  0.76442868E+00,  0.63492066E+00,  0.48800001E+01,      65,  0.32814315E+00,  0.88557339E+01, -0.57434011E+01,  0.49932137E+01, -0.38222563E+01,  0.23262172E+01, -0.54021657E+00, -0.10060588E+02,  0.23497498E+01,  0.18558626E+01 /
       data x( 62),y( 62),z( 62),h( 62),avg_LNEXT( 62),avg_RSQ( 62),avg_A(1, 62),avg_A(2, 62),avg_A(3, 62),avg_A(4, 62),avg_A(5, 62),avg_A(6, 62),avg_A(7, 62),avg_A(8, 62),avg_A(9, 62) /  0.66666669E+00,  0.76442868E+00,  0.10000000E+01,  0.55100002E+01,      66,  0.54128748E+00,  0.98221369E+01, -0.58210516E+01, -0.66885866E-01, -0.32000933E+01,  0.35173133E+00, -0.44459096E+00, -0.11437927E+02,  0.30259190E+01,  0.15279500E+01 /
       data x( 63),y( 63),z( 63),h( 63),avg_LNEXT( 63),avg_RSQ( 63),avg_A(1, 63),avg_A(2, 63),avg_A(3, 63),avg_A(4, 63),avg_A(5, 63),avg_A(6, 63),avg_A(7, 63),avg_A(8, 63),avg_A(9, 63) /  0.66666669E+00,  0.88221431E+00,  0.00000000E+00,  0.43299999E+01,      64,  0.66103894E+00,  0.82485981E+01, -0.20617056E+01,  0.15330603E+01,  0.38327494E+01,  0.26309025E+01,  0.27394705E+01, -0.10343101E+02,  0.12017522E+01, -0.46692547E+00 /
       data x( 64),y( 64),z( 64),h( 64),avg_LNEXT( 64),avg_RSQ( 64),avg_A(1, 64),avg_A(2, 64),avg_A(3, 64),avg_A(4, 64),avg_A(5, 64),avg_A(6, 64),avg_A(7, 64),avg_A(8, 64),avg_A(9, 64) /  0.66666669E+00,  0.88221431E+00,  0.31746033E+00,  0.44699998E+01,      67,  0.52602667E+00,  0.85493851E+01, -0.49688568E+01,  0.34205689E+01, -0.21837354E+01,  0.30830548E+01,  0.34300194E+01, -0.93965349E+01,  0.22429957E+01,  0.12012913E+01 /
       data x( 65),y( 65),z( 65),h( 65),avg_LNEXT( 65),avg_RSQ( 65),avg_A(1, 65),avg_A(2, 65),avg_A(3, 65),avg_A(4, 65),avg_A(5, 65),avg_A(6, 65),avg_A(7, 65),avg_A(8, 65),avg_A(9, 65) /  0.66666669E+00,  0.88221431E+00,  0.63492066E+00,  0.52300000E+01,      68,  0.36421344E+00,  0.87638245E+01, -0.55411158E+01,  0.38855984E+01, -0.38753138E+01,  0.20775964E+01, -0.78680956E+00, -0.10734227E+02,  0.34133058E+01,  0.20889685E+01 /
       data x( 66),y( 66),z( 66),h( 66),avg_LNEXT( 66),avg_RSQ( 66),avg_A(1, 66),avg_A(2, 66),avg_A(3, 66),avg_A(4, 66),avg_A(5, 66),avg_A(6, 66),avg_A(7, 66),avg_A(8, 66),avg_A(9, 66) /  0.66666669E+00,  0.88221431E+00,  0.10000000E+01,  0.58600001E+01,      69,  0.56676745E+00,  0.99267044E+01, -0.55890160E+01, -0.16616406E+00, -0.31246676E+01, -0.60621119E+00, -0.11560863E+01, -0.12121011E+02,  0.29825327E+01,  0.12474470E+01 /
       data x( 67),y( 67),z( 67),h( 67),avg_LNEXT( 67),avg_RSQ( 67),avg_A(1, 67),avg_A(2, 67),avg_A(3, 67),avg_A(4, 67),avg_A(5, 67),avg_A(6, 67),avg_A(7, 67),avg_A(8, 67),avg_A(9, 67) /  0.77777779E+00,  0.76442868E+00,  0.31746033E+00,  0.33800001E+01,      70,  0.54119599E+00,  0.87705488E+01, -0.53794079E+01,  0.35671535E+01, -0.30201230E+01,  0.34312966E+01,  0.32924635E+01, -0.69089570E+01,  0.86581355E+00,  0.50352055E+00 /
       data x( 68),y( 68),z( 68),h( 68),avg_LNEXT( 68),avg_RSQ( 68),avg_A(1, 68),avg_A(2, 68),avg_A(3, 68),avg_A(4, 68),avg_A(5, 68),avg_A(6, 68),avg_A(7, 68),avg_A(8, 68),avg_A(9, 68) /  0.77777779E+00,  0.76442868E+00,  0.63492066E+00,  0.38699999E+01,      71,  0.45036536E+00,  0.82732763E+01, -0.51112642E+01,  0.39626908E+01, -0.34799998E+01,  0.18252248E+01, -0.52765715E+00, -0.82056026E+01,  0.18729466E+01,  0.14782059E+01 /
       data x( 69),y( 69),z( 69),h( 69),avg_LNEXT( 69),avg_RSQ( 69),avg_A(1, 69),avg_A(2, 69),avg_A(3, 69),avg_A(4, 69),avg_A(5, 69),avg_A(6, 69),avg_A(7, 69),avg_A(8, 69),avg_A(9, 69) /  0.77777779E+00,  0.76442868E+00,  0.10000000E+01,  0.43699999E+01,      72,  0.58202827E+00,  0.92120028E+01, -0.51993089E+01, -0.23492584E+00, -0.28125744E+01, -0.46517012E+00, -0.10711496E+00, -0.93749046E+01,  0.23926547E+01,  0.13773661E+01 /
       data x( 70),y( 70),z( 70),h( 70),avg_LNEXT( 70),avg_RSQ( 70),avg_A(1, 70),avg_A(2, 70),avg_A(3, 70),avg_A(4, 70),avg_A(5, 70),avg_A(6, 70),avg_A(7, 70),avg_A(8, 70),avg_A(9, 70) /  0.77777779E+00,  0.88221431E+00,  0.31746033E+00,  0.35400000E+01,      73,  0.54128748E+00,  0.84042854E+01, -0.44121628E+01,  0.28566334E+01, -0.31433716E+01,  0.34325056E+01,  0.32795005E+01, -0.75336733E+01,  0.17082628E+01,  0.88673007E+00 /
       data x( 71),y( 71),z( 71),h( 71),avg_LNEXT( 71),avg_RSQ( 71),avg_A(1, 71),avg_A(2, 71),avg_A(3, 71),avg_A(4, 71),avg_A(5, 71),avg_A(6, 71),avg_A(7, 71),avg_A(8, 71),avg_A(9, 71) /  0.77777779E+00,  0.88221431E+00,  0.63492066E+00,  0.41500001E+01,      74,  0.45927519E+00,  0.81909761E+01, -0.50896053E+01,  0.35534887E+01, -0.35134301E+01,  0.14177414E+01, -0.73945165E+00, -0.88194170E+01,  0.27726436E+01,  0.16676240E+01 /
       data x( 72),y( 72),z( 72),h( 72),avg_LNEXT( 72),avg_RSQ( 72),avg_A(1, 72),avg_A(2, 72),avg_A(3, 72),avg_A(4, 72),avg_A(5, 72),avg_A(6, 72),avg_A(7, 72),avg_A(8, 72),avg_A(9, 72) /  0.77777779E+00,  0.88221431E+00,  0.10000000E+01,  0.46500001E+01,      75,  0.61740470E+00,  0.93051825E+01, -0.48459177E+01, -0.86596549E+00, -0.27063882E+01, -0.11190175E+01, -0.90009242E+00, -0.99644947E+01,  0.23273771E+01,  0.10119395E+01 /
       data x( 73),y( 73),z( 73),h( 73),avg_LNEXT( 73),avg_RSQ( 73),avg_A(1, 73),avg_A(2, 73),avg_A(3, 73),avg_A(4, 73),avg_A(5, 73),avg_A(6, 73),avg_A(7, 73),avg_A(8, 73),avg_A(9, 73) /  0.77777779E+00,  0.10000000E+01,  0.31746033E+00,  0.37800000E+01,      77,  0.58202827E+00,  0.90023222E+01, -0.56697216E+01,  0.35632987E+01, -0.33561935E+01,  0.36118639E+01,  0.32977214E+01, -0.82282686E+01,  0.25402064E+01,  0.13038688E+01 /
       data x( 74),y( 74),z( 74),h( 74),avg_LNEXT( 74),avg_RSQ( 74),avg_A(1, 74),avg_A(2, 74),avg_A(3, 74),avg_A(4, 74),avg_A(5, 74),avg_A(6, 74),avg_A(7, 74),avg_A(8, 74),avg_A(9, 74) /  0.77777779E+00,  0.10000000E+01,  0.63492066E+00,  0.45300002E+01,      78,  0.51508796E+00,  0.85403032E+01, -0.60792298E+01,  0.43583174E+01, -0.36294944E+01,  0.12048899E+01, -0.94397438E+00, -0.95517006E+01,  0.37589653E+01,  0.18040614E+01 /
       data x( 75),y( 75),z( 75),h( 75),avg_LNEXT( 75),avg_RSQ( 75),avg_A(1, 75),avg_A(2, 75),avg_A(3, 75),avg_A(4, 75),avg_A(5, 75),avg_A(6, 75),avg_A(7, 75),avg_A(8, 75),avg_A(9, 75) /  0.77777779E+00,  0.10000000E+01,  0.10000000E+01,  0.49099998E+01,      76,  0.70896959E+00,  0.94246407E+01, -0.50238323E+01, -0.79048812E+00, -0.27019119E+01, -0.16325357E+01, -0.14548682E+01, -0.10579969E+02,  0.21487958E+01,  0.60467237E+00 /
       data x( 76),y( 76),z( 76),h( 76),avg_LNEXT( 76),avg_RSQ( 76),avg_A(1, 76),avg_A(2, 76),avg_A(3, 76),avg_A(4, 76),avg_A(5, 76),avg_A(6, 76),avg_A(7, 76),avg_A(8, 76),avg_A(9, 76) /  0.88888890E+00,  0.76442868E+00,  0.10000000E+01,  0.34400001E+01,      79,  0.73833686E+00,  0.88279161E+01, -0.46412497E+01, -0.51576984E+00, -0.26216450E+01, -0.91990274E+00, -0.37321272E+00, -0.74519105E+01,  0.19082168E+01,  0.10331260E+01 /
       data x( 77),y( 77),z( 77),h( 77),avg_LNEXT( 77),avg_RSQ( 77),avg_A(1, 77),avg_A(2, 77),avg_A(3, 77),avg_A(4, 77),avg_A(5, 77),avg_A(6, 77),avg_A(7, 77),avg_A(8, 77),avg_A(9, 77) /  0.88888890E+00,  0.88221431E+00,  0.31746033E+00,  0.27900000E+01,      81,  0.58426887E+00,  0.10151106E+02, -0.84036150E+01,  0.45082965E+01, -0.39535902E+01,  0.38760502E+01,  0.31958954E+01, -0.54408054E+01,  0.75622940E+00,  0.45608640E+00 /
       data x( 78),y( 78),z( 78),h( 78),avg_LNEXT( 78),avg_RSQ( 78),avg_A(1, 78),avg_A(2, 78),avg_A(3, 78),avg_A(4, 78),avg_A(5, 78),avg_A(6, 78),avg_A(7, 78),avg_A(8, 78),avg_A(9, 78) /  0.88888890E+00,  0.88221431E+00,  0.63492066E+00,  0.32700000E+01,      82,  0.56565887E+00,  0.79941206E+01, -0.53711381E+01,  0.35046871E+01, -0.34628680E+01,  0.10217283E+01, -0.63781863E+00, -0.70326471E+01,  0.21040404E+01,  0.12728658E+01 /
       data x( 79),y( 79),z( 79),h( 79),avg_LNEXT( 79),avg_RSQ( 79),avg_A(1, 79),avg_A(2, 79),avg_A(3, 79),avg_A(4, 79),avg_A(5, 79),avg_A(6, 79),avg_A(7, 79),avg_A(8, 79),avg_A(9, 79) /  0.88888890E+00,  0.88221431E+00,  0.10000000E+01,  0.36600001E+01,      80,  0.79938000E+00,  0.89413671E+01, -0.44894037E+01, -0.99737012E+00, -0.25237050E+01, -0.13901446E+01, -0.61585528E+00, -0.79709840E+01,  0.17985610E+01,  0.83563113E+00 /
       data x( 80),y( 80),z( 80),h( 80),avg_LNEXT( 80),avg_RSQ( 80),avg_A(1, 80),avg_A(2, 80),avg_A(3, 80),avg_A(4, 80),avg_A(5, 80),avg_A(6, 80),avg_A(7, 80),avg_A(8, 80),avg_A(9, 80) /  0.10000000E+01,  0.76442868E+00,  0.10000000E+01,  0.27100000E+01,      83,  0.88628942E+00,  0.87512770E+01, -0.42733278E+01, -0.68521744E+00, -0.25107613E+01, -0.11228114E+01, -0.32546088E+00, -0.55519953E+01,  0.15144010E+01,  0.80157745E+00 /
       data x( 81),y( 81),z( 81),h( 81),avg_LNEXT( 81),avg_RSQ( 81),avg_A(1, 81),avg_A(2, 81),avg_A(3, 81),avg_A(4, 81),avg_A(5, 81),avg_A(6, 81),avg_A(7, 81),avg_A(8, 81),avg_A(9, 81) /  0.10000000E+01,  0.88221431E+00,  0.31746033E+00,  0.23199999E+01,      81,  0.72973037E+00,  0.10195877E+02, -0.81066990E+01,  0.44849744E+01, -0.44807925E+01,  0.39730048E+01,  0.31266398E+01, -0.31357930E+01, -0.11691986E+00, -0.92177279E-01 /
       data x( 82),y( 82),z( 82),h( 82),avg_LNEXT( 82),avg_RSQ( 82),avg_A(1, 82),avg_A(2, 82),avg_A(3, 82),avg_A(4, 82),avg_A(5, 82),avg_A(6, 82),avg_A(7, 82),avg_A(8, 82),avg_A(9, 82) /  0.10000000E+01,  0.88221431E+00,  0.63492066E+00,  0.25799999E+01,      82,  0.68069291E+00,  0.79145312E+01, -0.60049706E+01,  0.33197765E+01, -0.35372787E+01,  0.94670939E+00, -0.51947737E+00, -0.52899475E+01,  0.12477772E+01,  0.85953492E+00 /
       data x( 83),y( 83),z( 83),h( 83),avg_LNEXT( 83),avg_RSQ( 83),avg_A(1, 83),avg_A(2, 83),avg_A(3, 83),avg_A(4, 83),avg_A(5, 83),avg_A(6, 83),avg_A(7, 83),avg_A(8, 83),avg_A(9, 83) /  0.10000000E+01,  0.88221431E+00,  0.10000000E+01,  0.28800001E+01,      83,  0.94733262E+00,  0.88647385E+01, -0.43830419E+01, -0.83360189E+00, -0.24717581E+01, -0.14178324E+01, -0.47983012E+00, -0.60200057E+01,  0.13263235E+01,  0.61326581E+00 /
   3   1               0.000       0.000      20.000              14.380      14.380       0.000
   3   2               0.000       0.000      40.000              13.120      13.120       0.000
   3   3               0.000       0.000      60.000              14.140      14.140       0.000
   3   4               0.000       0.000      83.000              15.380      15.380       0.000
   3   5               0.000       0.300      20.000              14.470      14.470       0.000
   3   6               0.000       0.300      40.000              13.120      13.120       0.000
   3   7               0.000       0.300      60.000              14.610      14.610       0.000
   3   8               0.000       0.300      83.000              15.730      15.730       0.000
   3   9               0.000       0.500      83.000              16.600      16.600       0.000
   3  10            2000.000       0.300      20.000              13.450      13.450       0.000
   3  11            2000.000       0.300      83.000              14.620      14.620       0.000
   3  12            2000.000       0.500      20.000              13.670      13.670       0.000
   3  13            2000.000       0.500      40.000              12.620      12.620       0.000
   3  14            2000.000       0.500      60.000              14.260      14.260       0.000
   3  15            2000.000       0.500      83.000              15.530      15.530       0.000
   3  16            4000.000       0.300      20.000              12.500      12.500       0.000
   3  17            4000.000       0.300      40.000              11.330      11.330       0.000
   3  18            4000.000       0.300      60.000              12.610      12.610       0.000
   3  19            4000.000       0.300      83.000              13.580      13.580       0.000
   3  20            4000.000       0.500      20.000              12.700      12.700       0.000
   3  21            4000.000       0.500      83.000              14.570      14.570       0.000
   3  22            6000.000       0.300      20.000              11.600      11.600       0.000
   3  23            6000.000       0.300      83.000              12.600      12.600       0.000
   3  24            6000.000       0.500      20.000              11.790      11.790       0.000
   3  25            6000.000       0.500      83.000              13.550      13.550       0.000
   3  26            8000.000       0.300      20.000              10.750      10.750       0.000
   3  27            8000.000       0.300      40.000               9.740       9.740       0.000
   3  28            8000.000       0.300      60.000              10.840      10.840       0.000
   3  29            8000.000       0.500      20.000              10.930      10.930       0.000
   3  30            8000.000       0.500      83.000              12.550      12.550       0.000
   3  31           10000.000       0.500      20.000              10.120      10.120       0.000
   3  32           10000.000       0.500      40.000               9.340       9.340       0.000
   3  33           10000.000       0.500      60.000              10.590      10.590       0.000
   3  34           10000.000       0.500      83.000              11.620      11.620       0.000
   3  35           10000.000       0.650      20.000              10.350      10.350       0.000
   3  36           10000.000       0.650      40.000               9.850       9.850       0.000
   3  37           10000.000       0.650      60.000              11.320      11.320       0.000
   3  38           15000.000       0.500      20.000               8.300       8.300       0.000
   3  39           15000.000       0.500      40.000               7.660       7.660       0.000
   3  40           15000.000       0.500      60.000               8.690       8.690       0.000
   3  41           15000.000       0.500      83.000               9.520       9.520       0.000
   3  42           15000.000       0.650      40.000               8.090       8.090       0.000
   3  43           15000.000       0.650      60.000               9.280       9.280       0.000
   3  44           15000.000       0.650      83.000              10.490      10.490       0.000
   3  45           20000.000       0.500      20.000               6.680       6.680       0.000
   3  46           20000.000       0.500      40.000               6.240       6.240       0.000
   3  47           20000.000       0.500      60.000               7.080       7.080       0.000
   3  48           20000.000       0.500      83.000               7.750       7.750       0.000
   3  49           20000.000       0.650      20.000               6.860       6.860       0.000
   3  50           20000.000       0.650      83.000               8.540       8.540       0.000
   3  51           20000.000       0.750      83.000               9.070       9.070       0.000
   3  52           25000.002       0.500      20.000               5.290       5.290       0.000
   3  53           25000.002       0.650      20.000               5.430       5.430       0.000
   3  54           25000.002       0.650      40.000               5.320       5.320       0.000
   3  55           25000.002       0.650      60.000               6.100       6.100       0.000
   3  56           25000.002       0.650      83.000               6.890       6.890       0.000
   3  57           25000.002       0.750      20.000               5.580       5.580       0.000
   3  58           25000.002       0.750      83.000               7.330       7.330       0.000
   3  59           30000.000       0.650      20.000               4.210       4.210       0.000
   3  60           30000.000       0.650      40.000               4.260       4.260       0.000
   3  61           30000.000       0.650      60.000               4.880       4.880       0.000
   3  62           30000.000       0.650      83.000               5.510       5.510       0.000
   3  63           30000.000       0.750      20.000               4.330       4.330       0.000
   3  64           30000.000       0.750      40.000               4.470       4.470       0.000
   3  65           30000.000       0.750      60.000               5.230       5.230       0.000
   3  66           30000.000       0.750      83.000               5.860       5.860       0.000
   3  67           35000.000       0.650      40.000               3.380       3.380       0.000
   3  68           35000.000       0.650      60.000               3.870       3.870       0.000
   3  69           35000.000       0.650      83.000               4.370       4.370       0.000
   3  70           35000.000       0.750      40.000               3.540       3.540       0.000
   3  71           35000.000       0.750      60.000               4.150       4.150       0.000
   3  72           35000.000       0.750      83.000               4.650       4.650       0.000
   3  73           35000.000       0.850      40.000               3.780       3.780       0.000
   3  74           35000.000       0.850      60.000               4.530       4.530       0.000
   3  75           35000.000       0.850      83.000               4.910       4.910       0.000
   3  76           40000.000       0.650      83.000               3.440       3.440       0.000
   3  77           40000.000       0.750      40.000               2.790       2.790       0.000
   3  78           40000.000       0.750      60.000               3.270       3.270       0.000
   3  79           40000.000       0.750      83.000               3.660       3.660       0.000
   3  80           45000.000       0.650      83.000               2.710       2.710       0.000
   3  81           45000.000       0.750      40.000               2.320       2.320       0.000
   3  82           45000.000       0.750      60.000               2.580       2.580       0.000
   3  83           45000.000       0.750      83.000               2.880       2.880       0.000
